<?xml version="1.0" encoding="UTF-8"?>
<testsuite xmlns:xsi="http://www.w3.org/2001/XMLSchema-instance" xsi:noNamespaceSchemaLocation="https://maven.apache.org/surefire/maven-surefire-plugin/xsd/surefire-test-report.xsd" version="3.0.2" name="com.example.nextgentech.NextGenTechApplicationTests" time="8.919" tests="1" errors="0" skipped="0" failures="0">
  <properties>
[...]
</properties>
  <testcase name="contextLoads" classname="com.example.nextgentech.NextGenTechApplicationTests" time="0.357">
    <system-out><![CDATA[07:09:26.695 [main] INFO org.springframework.test.context.support.AnnotationConfigContextLoaderUtils -- Could not detect default configuration classes for test class [com.example.nextgentech.NextGenTechApplicationTests]: NextGenTechApplicationTests does not declare any static, non-private, non-final, nested classes annotated with @Configuration.
07:09:26.790 [main] INFO org.springframework.boot.test.context.SpringBootTestContextBootstrapper -- Found @SpringBootConfiguration com.example.nextgentech.NextGenTechApplication for test class com.example.nextgentech.NextGenTechApplicationTests
07:09:26.911 [main] INFO org.springframework.boot.devtools.restart.RestartApplicationListener -- Restart disabled due to context in which it is running

  .   ____          _            __ _ _
 /\\ / ___'_ __ _ _(_)_ __  __ _ \ \ \ \
( ( )\___ | '_ | '_| | '_ \/ _` | \ \ \ \
 \\/  ___)| |_)| | | | | || (_| |  ) ) ) )
  '  |____| .__|_| |_|_| |_\__, | / / / /
 =========|_|==============|___/=/_/_/_/

 :: Spring Boot ::                (v3.4.0)

2024-12-20T07:09:27.117+07:00  INFO 16716 --- [NextGenTech] [           main] c.e.n.NextGenTechApplicationTests        : Starting NextGenTechApplicationTests using Java 18.0.2.1 with PID 16716 (started by ADMIN in D:\IT\KhoaLuanTotNghiep\NextGenTech)
2024-12-20T07:09:27.118+07:00 DEBUG 16716 --- [NextGenTech] [           main] c.e.n.NextGenTechApplicationTests        : Running with Spring Boot v3.4.0, Spring v6.2.0
2024-12-20T07:09:27.118+07:00  INFO 16716 --- [NextGenTech] [           main] c.e.n.NextGenTechApplicationTests        : No active profile set, falling back to 1 default profile: "default"
2024-12-20T07:09:27.119+07:00 DEBUG 16716 --- [NextGenTech] [           main] o.s.boot.SpringApplication               : Loading source class com.example.nextgentech.NextGenTechApplication
2024-12-20T07:09:27.139+07:00 DEBUG 16716 --- [NextGenTech] [           main] o.s.w.c.s.GenericWebApplicationContext   : Refreshing org.springframework.web.context.support.GenericWebApplicationContext@51bde877
2024-12-20T07:09:27.151+07:00 DEBUG 16716 --- [NextGenTech] [           main] o.s.b.f.s.DefaultListableBeanFactory     : Creating shared instance of singleton bean 'org.springframework.context.annotation.internalConfigurationAnnotationProcessor'
2024-12-20T07:09:27.160+07:00 DEBUG 16716 --- [NextGenTech] [           main] o.s.b.f.s.DefaultListableBeanFactory     : Creating shared instance of singleton bean 'org.springframework.boot.autoconfigure.internalCachingMetadataReaderFactory'
2024-12-20T07:09:27.190+07:00 DEBUG 16716 --- [NextGenTech] [           main] o.s.c.a.ClassPathBeanDefinitionScanner   : Identified candidate component class: file [D:\IT\KhoaLuanTotNghiep\NextGenTech\target\classes\com\example\nextgentech\Config\GlobalExceptionHandler.class]
2024-12-20T07:09:27.191+07:00 DEBUG 16716 --- [NextGenTech] [           main] o.s.c.a.ClassPathBeanDefinitionScanner   : Identified candidate component class: file [D:\IT\KhoaLuanTotNghiep\NextGenTech\target\classes\com\example\nextgentech\Config\OAuth2LoginSuccessHandler.class]
2024-12-20T07:09:27.194+07:00 DEBUG 16716 --- [NextGenTech] [           main] o.s.c.a.ClassPathBeanDefinitionScanner   : Identified candidate component class: file [D:\IT\KhoaLuanTotNghiep\NextGenTech\target\classes\com\example\nextgentech\Config\SecurityConfig.class]
2024-12-20T07:09:27.201+07:00 DEBUG 16716 --- [NextGenTech] [           main] o.s.c.a.ClassPathBeanDefinitionScanner   : Identified candidate component class: file [D:\IT\KhoaLuanTotNghiep\NextGenTech\target\classes\com\example\nextgentech\Controller\AdminController.class]
2024-12-20T07:09:27.202+07:00 DEBUG 16716 --- [NextGenTech] [           main] o.s.c.a.ClassPathBeanDefinitionScanner   : Identified candidate component class: file [D:\IT\KhoaLuanTotNghiep\NextGenTech\target\classes\com\example\nextgentech\Controller\CategoryController.class]
2024-12-20T07:09:27.203+07:00 DEBUG 16716 --- [NextGenTech] [           main] o.s.c.a.ClassPathBeanDefinitionScanner   : Identified candidate component class: file [D:\IT\KhoaLuanTotNghiep\NextGenTech\target\classes\com\example\nextgentech\Controller\CommentController.class]
2024-12-20T07:09:27.204+07:00 DEBUG 16716 --- [NextGenTech] [           main] o.s.c.a.ClassPathBeanDefinitionScanner   : Identified candidate component class: file [D:\IT\KhoaLuanTotNghiep\NextGenTech\target\classes\com\example\nextgentech\Controller\HomeController.class]
2024-12-20T07:09:27.205+07:00 DEBUG 16716 --- [NextGenTech] [           main] o.s.c.a.ClassPathBeanDefinitionScanner   : Identified candidate component class: file [D:\IT\KhoaLuanTotNghiep\NextGenTech\target\classes\com\example\nextgentech\Controller\LikeController.class]
2024-12-20T07:09:27.206+07:00 DEBUG 16716 --- [NextGenTech] [           main] o.s.c.a.ClassPathBeanDefinitionScanner   : Identified candidate component class: file [D:\IT\KhoaLuanTotNghiep\NextGenTech\target\classes\com\example\nextgentech\Controller\PostController.class]
2024-12-20T07:09:27.214+07:00 DEBUG 16716 --- [NextGenTech] [           main] o.s.c.a.ClassPathBeanDefinitionScanner   : Ignored because not a concrete top-level class: file [D:\IT\KhoaLuanTotNghiep\NextGenTech\target\classes\com\example\nextgentech\Repository\CategoryRepository.class]
2024-12-20T07:09:27.218+07:00 DEBUG 16716 --- [NextGenTech] [           main] o.s.c.a.ClassPathBeanDefinitionScanner   : Ignored because not a concrete top-level class: file [D:\IT\KhoaLuanTotNghiep\NextGenTech\target\classes\com\example\nextgentech\Repository\CommentRepository.class]
2024-12-20T07:09:27.219+07:00 DEBUG 16716 --- [NextGenTech] [           main] o.s.c.a.ClassPathBeanDefinitionScanner   : Ignored because not a concrete top-level class: file [D:\IT\KhoaLuanTotNghiep\NextGenTech\target\classes\com\example\nextgentech\Repository\LikeRepository.class]
2024-12-20T07:09:27.220+07:00 DEBUG 16716 --- [NextGenTech] [           main] o.s.c.a.ClassPathBeanDefinitionScanner   : Ignored because not a concrete top-level class: file [D:\IT\KhoaLuanTotNghiep\NextGenTech\target\classes\com\example\nextgentech\Repository\PostRepository.class]
2024-12-20T07:09:27.220+07:00 DEBUG 16716 --- [NextGenTech] [           main] o.s.c.a.ClassPathBeanDefinitionScanner   : Ignored because not a concrete top-level class: file [D:\IT\KhoaLuanTotNghiep\NextGenTech\target\classes\com\example\nextgentech\Repository\SearchLogRepository.class]
2024-12-20T07:09:27.221+07:00 DEBUG 16716 --- [NextGenTech] [           main] o.s.c.a.ClassPathBeanDefinitionScanner   : Ignored because not a concrete top-level class: file [D:\IT\KhoaLuanTotNghiep\NextGenTech\target\classes\com\example\nextgentech\Repository\UserRepository.class]
2024-12-20T07:09:27.222+07:00 DEBUG 16716 --- [NextGenTech] [           main] o.s.c.a.ClassPathBeanDefinitionScanner   : Identified candidate component class: file [D:\IT\KhoaLuanTotNghiep\NextGenTech\target\classes\com\example\nextgentech\Service\CategoryService.class]
2024-12-20T07:09:27.222+07:00 DEBUG 16716 --- [NextGenTech] [           main] o.s.c.a.ClassPathBeanDefinitionScanner   : Identified candidate component class: file [D:\IT\KhoaLuanTotNghiep\NextGenTech\target\classes\com\example\nextgentech\Service\CommentService.class]
2024-12-20T07:09:27.223+07:00 DEBUG 16716 --- [NextGenTech] [           main] o.s.c.a.ClassPathBeanDefinitionScanner   : Identified candidate component class: file [D:\IT\KhoaLuanTotNghiep\NextGenTech\target\classes\com\example\nextgentech\Service\CustomOidcUserService.class]
2024-12-20T07:09:27.223+07:00 DEBUG 16716 --- [NextGenTech] [           main] o.s.c.a.ClassPathBeanDefinitionScanner   : Identified candidate component class: file [D:\IT\KhoaLuanTotNghiep\NextGenTech\target\classes\com\example\nextgentech\Service\LikeService.class]
2024-12-20T07:09:27.224+07:00 DEBUG 16716 --- [NextGenTech] [           main] o.s.c.a.ClassPathBeanDefinitionScanner   : Identified candidate component class: file [D:\IT\KhoaLuanTotNghiep\NextGenTech\target\classes\com\example\nextgentech\Service\PostService.class]
2024-12-20T07:09:27.224+07:00 DEBUG 16716 --- [NextGenTech] [           main] o.s.c.a.ClassPathBeanDefinitionScanner   : Identified candidate component class: file [D:\IT\KhoaLuanTotNghiep\NextGenTech\target\classes\com\example\nextgentech\Service\SearchLogService.class]
2024-12-20T07:09:27.225+07:00 DEBUG 16716 --- [NextGenTech] [           main] o.s.c.a.ClassPathBeanDefinitionScanner   : Identified candidate component class: file [D:\IT\KhoaLuanTotNghiep\NextGenTech\target\classes\com\example\nextgentech\Service\UserService.class]
2024-12-20T07:09:27.670+07:00  INFO 16716 --- [NextGenTech] [           main] .s.d.r.c.RepositoryConfigurationDelegate : Bootstrapping Spring Data JPA repositories in DEFAULT mode.
2024-12-20T07:09:27.680+07:00 DEBUG 16716 --- [NextGenTech] [           main] o.s.b.f.s.DefaultListableBeanFactory     : Creating shared instance of singleton bean 'org.springframework.boot.autoconfigure.AutoConfigurationPackages'
2024-12-20T07:09:27.686+07:00 DEBUG 16716 --- [NextGenTech] [           main] o.s.b.a.AutoConfigurationPackages        : @EnableAutoConfiguration was declared on a class in the package 'com.example.nextgentech'. Automatic @Repository and @Entity scanning is enabled.
2024-12-20T07:09:27.687+07:00 DEBUG 16716 --- [NextGenTech] [           main] .s.d.r.c.RepositoryConfigurationDelegate : Scanning for JPA repositories in packages com.example.nextgentech.
2024-12-20T07:09:27.695+07:00 DEBUG 16716 --- [NextGenTech] [           main] o.s.d.r.c.RepositoryComponentProvider    : Identified candidate component class: file [D:\IT\KhoaLuanTotNghiep\NextGenTech\target\classes\com\example\nextgentech\Repository\CategoryRepository.class]
2024-12-20T07:09:27.695+07:00 DEBUG 16716 --- [NextGenTech] [           main] o.s.d.r.c.RepositoryComponentProvider    : Identified candidate component class: file [D:\IT\KhoaLuanTotNghiep\NextGenTech\target\classes\com\example\nextgentech\Repository\CommentRepository.class]
2024-12-20T07:09:27.695+07:00 DEBUG 16716 --- [NextGenTech] [           main] o.s.d.r.c.RepositoryComponentProvider    : Identified candidate component class: file [D:\IT\KhoaLuanTotNghiep\NextGenTech\target\classes\com\example\nextgentech\Repository\LikeRepository.class]
2024-12-20T07:09:27.695+07:00 DEBUG 16716 --- [NextGenTech] [           main] o.s.d.r.c.RepositoryComponentProvider    : Identified candidate component class: file [D:\IT\KhoaLuanTotNghiep\NextGenTech\target\classes\com\example\nextgentech\Repository\PostRepository.class]
2024-12-20T07:09:27.695+07:00 DEBUG 16716 --- [NextGenTech] [           main] o.s.d.r.c.RepositoryComponentProvider    : Identified candidate component class: file [D:\IT\KhoaLuanTotNghiep\NextGenTech\target\classes\com\example\nextgentech\Repository\SearchLogRepository.class]
2024-12-20T07:09:27.695+07:00 DEBUG 16716 --- [NextGenTech] [           main] o.s.d.r.c.RepositoryComponentProvider    : Identified candidate component class: file [D:\IT\KhoaLuanTotNghiep\NextGenTech\target\classes\com\example\nextgentech\Repository\UserRepository.class]
2024-12-20T07:09:27.733+07:00  INFO 16716 --- [NextGenTech] [           main] .s.d.r.c.RepositoryConfigurationDelegate : Finished Spring Data repository scanning in 44 ms. Found 6 JPA repository interfaces.
2024-12-20T07:09:27.835+07:00 DEBUG 16716 --- [NextGenTech] [           main] o.s.b.f.s.DefaultListableBeanFactory     : Creating shared instance of singleton bean 'springSecurityHandlerMappingIntrospectorBeanDefinitionRegistryPostProcessor'
2024-12-20T07:09:27.837+07:00 DEBUG 16716 --- [NextGenTech] [           main] o.s.b.f.s.DefaultListableBeanFactory     : Creating shared instance of singleton bean 'authorizedClientManagerRegistrar'
2024-12-20T07:09:27.837+07:00 DEBUG 16716 --- [NextGenTech] [           main] o.s.b.f.s.DefaultListableBeanFactory     : Creating shared instance of singleton bean 'org.springframework.security.config.annotation.web.configuration.OAuth2ClientConfiguration$OAuth2AuthorizedClientManagerConfiguration'
2024-12-20T07:09:27.923+07:00 DEBUG 16716 --- [NextGenTech] [           main] o.s.b.f.s.DefaultListableBeanFactory     : Creating shared instance of singleton bean 'propertySourcesPlaceholderConfigurer'
2024-12-20T07:09:27.927+07:00 DEBUG 16716 --- [NextGenTech] [           main] o.s.b.f.s.DefaultListableBeanFactory     : Creating shared instance of singleton bean 'org.springframework.boot.test.mock.mockito.MockitoPostProcessor'
2024-12-20T07:09:27.928+07:00 DEBUG 16716 --- [NextGenTech] [           main] o.s.b.f.s.DefaultListableBeanFactory     : Creating shared instance of singleton bean 'emBeanDefinitionRegistrarPostProcessor'
2024-12-20T07:09:27.929+07:00 DEBUG 16716 --- [NextGenTech] [           main] o.s.b.f.s.DefaultListableBeanFactory     : Creating shared instance of singleton bean 'org.springframework.boot.sql.init.dependency.DatabaseInitializationDependencyConfigurer$DependsOnDatabaseInitializationPostProcessor'
2024-12-20T07:09:27.969+07:00 DEBUG 16716 --- [NextGenTech] [           main] o.s.b.f.s.DefaultListableBeanFactory     : Creating shared instance of singleton bean 'org.springframework.context.event.internalEventListenerProcessor'
2024-12-20T07:09:27.970+07:00 DEBUG 16716 --- [NextGenTech] [           main] o.s.b.f.s.DefaultListableBeanFactory     : Creating shared instance of singleton bean 'preserveErrorControllerTargetClassPostProcessor'
2024-12-20T07:09:27.970+07:00 DEBUG 16716 --- [NextGenTech] [           main] o.s.b.f.s.DefaultListableBeanFactory     : Creating shared instance of singleton bean 'conversionServicePostProcessor'
2024-12-20T07:09:27.977+07:00 DEBUG 16716 --- [NextGenTech] [           main] o.s.b.f.s.DefaultListableBeanFactory     : Creating shared instance of singleton bean 'org.springframework.context.event.internalEventListenerFactory'
2024-12-20T07:09:27.978+07:00 DEBUG 16716 --- [NextGenTech] [           main] o.s.b.f.s.DefaultListableBeanFactory     : Creating shared instance of singleton bean 'org.springframework.transaction.config.internalTransactionalEventListenerFactory'
2024-12-20T07:09:27.980+07:00 DEBUG 16716 --- [NextGenTech] [           main] o.s.b.f.s.DefaultListableBeanFactory     : Creating shared instance of singleton bean 'org.springframework.boot.test.mock.mockito.MockitoPostProcessor$SpyPostProcessor'
2024-12-20T07:09:27.981+07:00 DEBUG 16716 --- [NextGenTech] [           main] o.s.b.f.s.DefaultListableBeanFactory     : Creating shared instance of singleton bean 'org.springframework.context.annotation.internalAutowiredAnnotationProcessor'
2024-12-20T07:09:27.982+07:00 DEBUG 16716 --- [NextGenTech] [           main] o.s.b.f.s.DefaultListableBeanFactory     : Creating shared instance of singleton bean 'org.springframework.context.annotation.internalCommonAnnotationProcessor'
2024-12-20T07:09:27.985+07:00 DEBUG 16716 --- [NextGenTech] [           main] o.s.b.f.s.DefaultListableBeanFactory     : Creating shared instance of singleton bean 'org.springframework.context.annotation.internalPersistenceAnnotationProcessor'
2024-12-20T07:09:27.985+07:00 DEBUG 16716 --- [NextGenTech] [           main] o.s.b.f.s.DefaultListableBeanFactory     : Creating shared instance of singleton bean 'org.springframework.boot.context.properties.ConfigurationPropertiesBindingPostProcessor'
2024-12-20T07:09:27.985+07:00 DEBUG 16716 --- [NextGenTech] [           main] o.s.b.f.s.DefaultListableBeanFactory     : Creating shared instance of singleton bean 'org.springframework.boot.context.internalConfigurationPropertiesBinder'
2024-12-20T07:09:27.987+07:00 DEBUG 16716 --- [NextGenTech] [           main] o.s.b.f.s.DefaultListableBeanFactory     : Creating shared instance of singleton bean 'jdbcConnectionDetailsHikariBeanPostProcessor'
2024-12-20T07:09:27.989+07:00 DEBUG 16716 --- [NextGenTech] [           main] o.s.b.f.s.DefaultListableBeanFactory     : Creating shared instance of singleton bean 'methodValidationPostProcessor'
2024-12-20T07:09:27.991+07:00 DEBUG 16716 --- [NextGenTech] [           main] o.s.b.f.s.DefaultListableBeanFactory     : Autowiring by type from bean name 'methodValidationPostProcessor' via factory method to bean named 'environment'
2024-12-20T07:09:27.993+07:00 DEBUG 16716 --- [NextGenTech] [           main] o.s.b.f.s.DefaultListableBeanFactory     : Creating shared instance of singleton bean 'org.springframework.boot.context.properties.EnableConfigurationPropertiesRegistrar.methodValidationExcludeFilter'
2024-12-20T07:09:28.007+07:00 DEBUG 16716 --- [NextGenTech] [           main] o.s.b.f.s.DefaultListableBeanFactory     : Creating shared instance of singleton bean 'org.springframework.aop.config.internalAutoProxyCreator'
2024-12-20T07:09:28.019+07:00 DEBUG 16716 --- [NextGenTech] [           main] o.s.b.f.s.DefaultListableBeanFactory     : Creating shared instance of singleton bean 'persistenceExceptionTranslationPostProcessor'
2024-12-20T07:09:28.020+07:00 DEBUG 16716 --- [NextGenTech] [           main] o.s.b.f.s.DefaultListableBeanFactory     : Autowiring by type from bean name 'persistenceExceptionTranslationPostProcessor' via factory method to bean named 'environment'
2024-12-20T07:09:28.021+07:00 DEBUG 16716 --- [NextGenTech] [           main] o.s.b.f.s.DefaultListableBeanFactory     : Creating shared instance of singleton bean 'webServerFactoryCustomizerBeanPostProcessor'
2024-12-20T07:09:28.022+07:00 DEBUG 16716 --- [NextGenTech] [           main] o.s.b.f.s.DefaultListableBeanFactory     : Creating shared instance of singleton bean 'errorPageRegistrarBeanPostProcessor'
2024-12-20T07:09:28.022+07:00 DEBUG 16716 --- [NextGenTech] [           main] o.s.b.f.s.DefaultListableBeanFactory     : Creating shared instance of singleton bean 'projectingArgumentResolverBeanPostProcessor'
2024-12-20T07:09:28.023+07:00 DEBUG 16716 --- [NextGenTech] [           main] o.s.b.f.s.DefaultListableBeanFactory     : Creating shared instance of singleton bean 'org.springframework.transaction.config.internalTransactionAdvisor'
2024-12-20T07:09:28.024+07:00 DEBUG 16716 --- [NextGenTech] [           main] o.s.b.f.s.DefaultListableBeanFactory     : Creating shared instance of singleton bean 'org.springframework.transaction.annotation.ProxyTransactionManagementConfiguration'
2024-12-20T07:09:28.031+07:00 DEBUG 16716 --- [NextGenTech] [           main] o.s.b.f.s.DefaultListableBeanFactory     : Creating shared instance of singleton bean 'transactionAttributeSource'
2024-12-20T07:09:28.032+07:00 DEBUG 16716 --- [NextGenTech] [           main] o.s.b.f.s.DefaultListableBeanFactory     : Creating shared instance of singleton bean 'transactionInterceptor'
2024-12-20T07:09:28.032+07:00 DEBUG 16716 --- [NextGenTech] [           main] o.s.b.f.s.DefaultListableBeanFactory     : Autowiring by type from bean name 'transactionInterceptor' via factory method to bean named 'transactionAttributeSource'
2024-12-20T07:09:28.036+07:00 DEBUG 16716 --- [NextGenTech] [           main] o.s.b.f.s.DefaultListableBeanFactory     : Autowiring by type from bean name 'org.springframework.transaction.config.internalTransactionAdvisor' via factory method to bean named 'transactionAttributeSource'
2024-12-20T07:09:28.036+07:00 DEBUG 16716 --- [NextGenTech] [           main] o.s.b.f.s.DefaultListableBeanFactory     : Autowiring by type from bean name 'org.springframework.transaction.config.internalTransactionAdvisor' via factory method to bean named 'transactionInterceptor'
2024-12-20T07:09:28.050+07:00 DEBUG 16716 --- [NextGenTech] [           main] o.s.u.c.s.UiApplicationContextUtils      : Unable to locate ThemeSource with name 'themeSource': using default [org.springframework.ui.context.support.ResourceBundleThemeSource@6393bf8b]
2024-12-20T07:09:28.051+07:00 DEBUG 16716 --- [NextGenTech] [           main] o.s.b.f.s.DefaultListableBeanFactory     : Creating shared instance of singleton bean 'org.springframework.test.context.support.internalDynamicPropertyRegistrarBeanInitializer'
2024-12-20T07:09:28.052+07:00 DEBUG 16716 --- [NextGenTech] [           main] o.s.b.f.s.DefaultListableBeanFactory     : Creating shared instance of singleton bean 'dataSourceScriptDatabaseInitializer'
2024-12-20T07:09:28.053+07:00 DEBUG 16716 --- [NextGenTech] [           main] o.s.b.f.s.DefaultListableBeanFactory     : Creating shared instance of singleton bean 'org.springframework.boot.autoconfigure.sql.init.DataSourceInitializationConfiguration'
2024-12-20T07:09:28.053+07:00 DEBUG 16716 --- [NextGenTech] [           main] o.s.b.f.s.DefaultListableBeanFactory     : Creating shared instance of singleton bean 'dataSource'
2024-12-20T07:09:28.053+07:00 DEBUG 16716 --- [NextGenTech] [           main] o.s.b.f.s.DefaultListableBeanFactory     : Creating shared instance of singleton bean 'org.springframework.boot.autoconfigure.jdbc.DataSourceConfiguration$Hikari'
2024-12-20T07:09:28.054+07:00 DEBUG 16716 --- [NextGenTech] [           main] o.s.b.f.s.DefaultListableBeanFactory     : Creating shared instance of singleton bean 'spring.datasource-org.springframework.boot.autoconfigure.jdbc.DataSourceProperties'
2024-12-20T07:09:28.055+07:00 DEBUG 16716 --- [NextGenTech] [           main] o.s.b.f.s.DefaultListableBeanFactory     : Creating shared instance of singleton bean 'org.springframework.boot.context.properties.BoundConfigurationProperties'
2024-12-20T07:09:28.067+07:00 DEBUG 16716 --- [NextGenTech] [           main] o.s.b.f.s.DefaultListableBeanFactory     : Creating shared instance of singleton bean 'jdbcConnectionDetails'
2024-12-20T07:09:28.067+07:00 DEBUG 16716 --- [NextGenTech] [           main] o.s.b.f.s.DefaultListableBeanFactory     : Creating shared instance of singleton bean 'org.springframework.boot.autoconfigure.jdbc.DataSourceAutoConfiguration$PooledDataSourceConfiguration'
2024-12-20T07:09:28.068+07:00 DEBUG 16716 --- [NextGenTech] [           main] o.s.b.f.s.DefaultListableBeanFactory     : Autowiring by type from bean name 'jdbcConnectionDetails' via factory method to bean named 'spring.datasource-org.springframework.boot.autoconfigure.jdbc.DataSourceProperties'
2024-12-20T07:09:28.069+07:00 DEBUG 16716 --- [NextGenTech] [           main] o.s.b.f.s.DefaultListableBeanFactory     : Autowiring by type from bean name 'dataSource' via factory method to bean named 'spring.datasource-org.springframework.boot.autoconfigure.jdbc.DataSourceProperties'
2024-12-20T07:09:28.069+07:00 DEBUG 16716 --- [NextGenTech] [           main] o.s.b.f.s.DefaultListableBeanFactory     : Autowiring by type from bean name 'dataSource' via factory method to bean named 'jdbcConnectionDetails'
2024-12-20T07:09:28.092+07:00 DEBUG 16716 --- [NextGenTech] [           main] o.s.b.f.s.DefaultListableBeanFactory     : Creating shared instance of singleton bean 'spring.sql.init-org.springframework.boot.autoconfigure.sql.init.SqlInitializationProperties'
2024-12-20T07:09:28.094+07:00 DEBUG 16716 --- [NextGenTech] [           main] o.s.b.f.s.DefaultListableBeanFactory     : Autowiring by type from bean name 'dataSourceScriptDatabaseInitializer' via factory method to bean named 'dataSource'
2024-12-20T07:09:28.094+07:00 DEBUG 16716 --- [NextGenTech] [           main] o.s.b.f.s.DefaultListableBeanFactory     : Autowiring by type from bean name 'dataSourceScriptDatabaseInitializer' via factory method to bean named 'spring.sql.init-org.springframework.boot.autoconfigure.sql.init.SqlInitializationProperties'
2024-12-20T07:09:28.100+07:00 DEBUG 16716 --- [NextGenTech] [           main] o.s.b.f.s.DefaultListableBeanFactory     : Creating shared instance of singleton bean 'entityManagerFactory'
2024-12-20T07:09:28.101+07:00 DEBUG 16716 --- [NextGenTech] [           main] o.s.b.f.s.DefaultListableBeanFactory     : Creating shared instance of singleton bean 'org.springframework.boot.autoconfigure.orm.jpa.HibernateJpaConfiguration'
2024-12-20T07:09:28.102+07:00 DEBUG 16716 --- [NextGenTech] [           main] o.s.b.f.s.DefaultListableBeanFactory     : Creating shared instance of singleton bean 'spring.jpa-org.springframework.boot.autoconfigure.orm.jpa.JpaProperties'
2024-12-20T07:09:28.105+07:00 DEBUG 16716 --- [NextGenTech] [           main] o.s.b.f.s.DefaultListableBeanFactory     : Creating shared instance of singleton bean 'spring.jpa.hibernate-org.springframework.boot.autoconfigure.orm.jpa.HibernateProperties'
2024-12-20T07:09:28.107+07:00 DEBUG 16716 --- [NextGenTech] [           main] o.s.b.f.s.DefaultListableBeanFactory     : Autowiring by type from bean name 'org.springframework.boot.autoconfigure.orm.jpa.HibernateJpaConfiguration' via constructor to bean named 'dataSource'
2024-12-20T07:09:28.107+07:00 DEBUG 16716 --- [NextGenTech] [           main] o.s.b.f.s.DefaultListableBeanFactory     : Autowiring by type from bean name 'org.springframework.boot.autoconfigure.orm.jpa.HibernateJpaConfiguration' via constructor to bean named 'spring.jpa-org.springframework.boot.autoconfigure.orm.jpa.JpaProperties'
2024-12-20T07:09:28.107+07:00 DEBUG 16716 --- [NextGenTech] [           main] o.s.b.f.s.DefaultListableBeanFactory     : Autowiring by type from bean name 'org.springframework.boot.autoconfigure.orm.jpa.HibernateJpaConfiguration' via constructor to bean named 'org.springframework.beans.factory.support.DefaultListableBeanFactory@3a60c416'
2024-12-20T07:09:28.107+07:00 DEBUG 16716 --- [NextGenTech] [           main] o.s.b.f.s.DefaultListableBeanFactory     : Autowiring by type from bean name 'org.springframework.boot.autoconfigure.orm.jpa.HibernateJpaConfiguration' via constructor to bean named 'spring.jpa.hibernate-org.springframework.boot.autoconfigure.orm.jpa.HibernateProperties'
2024-12-20T07:09:28.110+07:00 DEBUG 16716 --- [NextGenTech] [           main] o.s.b.f.s.DefaultListableBeanFactory     : Creating shared instance of singleton bean 'hikariPoolDataSourceMetadataProvider'
2024-12-20T07:09:28.110+07:00 DEBUG 16716 --- [NextGenTech] [           main] o.s.b.f.s.DefaultListableBeanFactory     : Creating shared instance of singleton bean 'org.springframework.boot.autoconfigure.jdbc.metadata.DataSourcePoolMetadataProvidersConfiguration$HikariPoolDataSourceMetadataProviderConfiguration'
2024-12-20T07:09:28.114+07:00 DEBUG 16716 --- [NextGenTech] [           main] o.s.b.f.s.DefaultListableBeanFactory     : Creating shared instance of singleton bean 'entityManagerFactoryBuilder'
2024-12-20T07:09:28.115+07:00 DEBUG 16716 --- [NextGenTech] [           main] o.s.b.f.s.DefaultListableBeanFactory     : Creating shared instance of singleton bean 'jpaVendorAdapter'
2024-12-20T07:09:28.125+07:00 DEBUG 16716 --- [NextGenTech] [           main] o.s.b.f.s.DefaultListableBeanFactory     : Autowiring by type from bean name 'entityManagerFactoryBuilder' via factory method to bean named 'jpaVendorAdapter'
2024-12-20T07:09:28.135+07:00 DEBUG 16716 --- [NextGenTech] [           main] o.s.b.f.s.DefaultListableBeanFactory     : Creating shared instance of singleton bean 'persistenceManagedTypes'
2024-12-20T07:09:28.136+07:00 DEBUG 16716 --- [NextGenTech] [           main] o.s.b.f.s.DefaultListableBeanFactory     : Autowiring by type from bean name 'persistenceManagedTypes' via factory method to bean named 'org.springframework.beans.factory.support.DefaultListableBeanFactory@3a60c416'
2024-12-20T07:09:28.136+07:00 DEBUG 16716 --- [NextGenTech] [           main] o.s.b.f.s.DefaultListableBeanFactory     : Autowiring by type from bean name 'persistenceManagedTypes' via factory method to bean named 'org.springframework.web.context.support.GenericWebApplicationContext@51bde877'
2024-12-20T07:09:28.143+07:00 DEBUG 16716 --- [NextGenTech] [           main] o.s.b.f.s.DefaultListableBeanFactory     : Autowiring by type from bean name 'entityManagerFactory' via factory method to bean named 'entityManagerFactoryBuilder'
2024-12-20T07:09:28.143+07:00 DEBUG 16716 --- [NextGenTech] [           main] o.s.b.f.s.DefaultListableBeanFactory     : Autowiring by type from bean name 'entityManagerFactory' via factory method to bean named 'persistenceManagedTypes'
2024-12-20T07:09:28.150+07:00 DEBUG 16716 --- [NextGenTech] [           main] j.LocalContainerEntityManagerFactoryBean : Building JPA container EntityManagerFactory for persistence unit 'default'
2024-12-20T07:09:28.173+07:00  INFO 16716 --- [NextGenTech] [           main] o.hibernate.jpa.internal.util.LogHelper  : HHH000204: Processing PersistenceUnitInfo [name: default]
2024-12-20T07:09:28.233+07:00  INFO 16716 --- [NextGenTech] [           main] org.hibernate.Version                    : HHH000412: Hibernate ORM core version 6.6.2.Final
2024-12-20T07:09:28.262+07:00  INFO 16716 --- [NextGenTech] [           main] o.h.c.internal.RegionFactoryInitiator    : HHH000026: Second-level cache disabled
2024-12-20T07:09:28.534+07:00  INFO 16716 --- [NextGenTech] [           main] o.s.o.j.p.SpringPersistenceUnitInfo      : No LoadTimeWeaver setup: ignoring JPA class transformer
2024-12-20T07:09:28.562+07:00  INFO 16716 --- [NextGenTech] [           main] com.zaxxer.hikari.HikariDataSource       : HikariPool-1 - Starting...
2024-12-20T07:09:30.034+07:00  INFO 16716 --- [NextGenTech] [           main] com.zaxxer.hikari.pool.HikariPool        : HikariPool-1 - Added connection com.mysql.cj.jdbc.ConnectionImpl@6480a063
2024-12-20T07:09:30.036+07:00  INFO 16716 --- [NextGenTech] [           main] com.zaxxer.hikari.HikariDataSource       : HikariPool-1 - Start completed.
2024-12-20T07:09:30.276+07:00  WARN 16716 --- [NextGenTech] [           main] org.hibernate.orm.deprecation            : HHH90000025: MySQLDialect does not need to be specified explicitly using 'hibernate.dialect' (remove the property setting and it will be selected by default)
2024-12-20T07:09:30.292+07:00  INFO 16716 --- [NextGenTech] [           main] org.hibernate.orm.connections.pooling    : HHH10001005: Database info:
	Database JDBC URL [Connecting through datasource 'HikariDataSource (HikariPool-1)']
	Database driver: undefined/unknown
	Database version: 8.0.30
	Autocommit mode: undefined/unknown
	Isolation level: undefined/unknown
	Minimum pool size: undefined/unknown
	Maximum pool size: undefined/unknown
2024-12-20T07:09:30.997+07:00  INFO 16716 --- [NextGenTech] [           main] o.h.e.t.j.p.i.JtaPlatformInitiator       : HHH000489: No JTA platform available (set 'hibernate.transaction.jta.platform' to enable JTA platform integration)
2024-12-20T07:09:33.613+07:00  INFO 16716 --- [NextGenTech] [           main] j.LocalContainerEntityManagerFactoryBean : Initialized JPA EntityManagerFactory for persistence unit 'default'
2024-12-20T07:09:33.616+07:00 DEBUG 16716 --- [NextGenTech] [           main] o.s.b.f.s.DefaultListableBeanFactory     : Creating shared instance of singleton bean 'nextGenTechApplication'
2024-12-20T07:09:33.617+07:00 DEBUG 16716 --- [NextGenTech] [           main] o.s.b.f.s.DefaultListableBeanFactory     : Creating shared instance of singleton bean 'globalExceptionHandler'
2024-12-20T07:09:33.619+07:00 DEBUG 16716 --- [NextGenTech] [           main] o.s.b.f.s.DefaultListableBeanFactory     : Creating shared instance of singleton bean 'OAuth2LoginSuccessHandler'
2024-12-20T07:09:33.620+07:00 DEBUG 16716 --- [NextGenTech] [           main] o.s.b.f.s.DefaultListableBeanFactory     : Creating shared instance of singleton bean 'securityConfig'
2024-12-20T07:09:33.620+07:00 DEBUG 16716 --- [NextGenTech] [           main] o.s.b.f.s.DefaultListableBeanFactory     : Creating shared instance of singleton bean 'customOidcUserService'
2024-12-20T07:09:33.622+07:00 DEBUG 16716 --- [NextGenTech] [           main] o.s.b.f.s.DefaultListableBeanFactory     : Creating shared instance of singleton bean 'userRepository'
2024-12-20T07:09:33.628+07:00 DEBUG 16716 --- [NextGenTech] [           main] o.s.b.f.s.DefaultListableBeanFactory     : Creating shared instance of singleton bean 'jpa.named-queries#2'
2024-12-20T07:09:33.630+07:00 DEBUG 16716 --- [NextGenTech] [           main] o.s.b.f.s.DefaultListableBeanFactory     : Creating shared instance of singleton bean 'jpa.UserRepository.fragments#0'
2024-12-20T07:09:33.634+07:00 DEBUG 16716 --- [NextGenTech] [           main] o.s.b.f.s.DefaultListableBeanFactory     : Creating shared instance of singleton bean 'jpaSharedEM_entityManagerFactory'
2024-12-20T07:09:33.651+07:00 DEBUG 16716 --- [NextGenTech] [           main] o.s.b.f.s.DefaultListableBeanFactory     : Creating shared instance of singleton bean 'jpaMappingContext'
2024-12-20T07:09:33.652+07:00 DEBUG 16716 --- [NextGenTech] [           main] .c.JpaMetamodelMappingContextFactoryBean : Initializing JpaMetamodelMappingContext…
2024-12-20T07:09:33.661+07:00 DEBUG 16716 --- [NextGenTech] [           main] .c.JpaMetamodelMappingContextFactoryBean : Finished initializing JpaMetamodelMappingContext
2024-12-20T07:09:33.681+07:00 DEBUG 16716 --- [NextGenTech] [           main] tor$SharedEntityManagerInvocationHandler : Creating new EntityManager for shared EntityManager invocation
2024-12-20T07:09:33.733+07:00 DEBUG 16716 --- [NextGenTech] [           main] tor$SharedEntityManagerInvocationHandler : Creating new EntityManager for shared EntityManager invocation
2024-12-20T07:09:33.773+07:00 DEBUG 16716 --- [NextGenTech] [           main] o.s.d.r.c.s.RepositoryFactorySupport     : Initializing repository instance for com.example.nextgentech.Repository.UserRepository…
2024-12-20T07:09:33.782+07:00 DEBUG 16716 --- [NextGenTech] [           main] tor$SharedEntityManagerInvocationHandler : Creating new EntityManager for shared EntityManager invocation
2024-12-20T07:09:33.820+07:00 DEBUG 16716 --- [NextGenTech] [           main] o.s.d.jpa.repository.query.NamedQuery    : Looking up named query User.existsByEmail
2024-12-20T07:09:33.824+07:00 DEBUG 16716 --- [NextGenTech] [           main] o.s.d.jpa.repository.query.NamedQuery    : Did not find named query User.existsByEmail
2024-12-20T07:09:33.827+07:00 DEBUG 16716 --- [NextGenTech] [           main] tor$SharedEntityManagerInvocationHandler : Creating new EntityManager for shared EntityManager invocation
2024-12-20T07:09:33.883+07:00 DEBUG 16716 --- [NextGenTech] [           main] o.s.d.jpa.repository.query.NamedQuery    : Looking up named query User.findByEmail
2024-12-20T07:09:33.883+07:00 DEBUG 16716 --- [NextGenTech] [           main] o.s.d.jpa.repository.query.NamedQuery    : Did not find named query User.findByEmail
2024-12-20T07:09:33.883+07:00 DEBUG 16716 --- [NextGenTech] [           main] tor$SharedEntityManagerInvocationHandler : Creating new EntityManager for shared EntityManager invocation
2024-12-20T07:09:33.886+07:00 DEBUG 16716 --- [NextGenTech] [           main] o.s.d.r.c.s.RepositoryFactorySupport     : Finished creation of repository instance for com.example.nextgentech.Repository.UserRepository.
2024-12-20T07:09:33.891+07:00 DEBUG 16716 --- [NextGenTech] [           main] o.s.b.f.s.DefaultListableBeanFactory     : Autowiring by type from bean name 'customOidcUserService' via constructor to bean named 'userRepository'
2024-12-20T07:09:33.917+07:00 DEBUG 16716 --- [NextGenTech] [           main] o.s.b.f.s.DefaultListableBeanFactory     : Autowiring by type from bean name 'securityConfig' via constructor to bean named 'customOidcUserService'
2024-12-20T07:09:33.917+07:00 DEBUG 16716 --- [NextGenTech] [           main] o.s.b.f.s.DefaultListableBeanFactory     : Creating shared instance of singleton bean 'adminController'
2024-12-20T07:09:33.920+07:00 DEBUG 16716 --- [NextGenTech] [           main] o.s.b.f.s.DefaultListableBeanFactory     : Creating shared instance of singleton bean 'categoryService'
2024-12-20T07:09:33.921+07:00 DEBUG 16716 --- [NextGenTech] [           main] o.s.b.f.s.DefaultListableBeanFactory     : Creating shared instance of singleton bean 'categoryRepository'
2024-12-20T07:09:33.922+07:00 DEBUG 16716 --- [NextGenTech] [           main] o.s.b.f.s.DefaultListableBeanFactory     : Creating shared instance of singleton bean 'jpa.named-queries#0'
2024-12-20T07:09:33.923+07:00 DEBUG 16716 --- [NextGenTech] [           main] o.s.b.f.s.DefaultListableBeanFactory     : Creating shared instance of singleton bean 'jpa.CategoryRepository.fragments#0'
2024-12-20T07:09:33.923+07:00 DEBUG 16716 --- [NextGenTech] [           main] tor$SharedEntityManagerInvocationHandler : Creating new EntityManager for shared EntityManager invocation
2024-12-20T07:09:33.926+07:00 DEBUG 16716 --- [NextGenTech] [           main] o.s.d.r.c.s.RepositoryFactorySupport     : Initializing repository instance for com.example.nextgentech.Repository.CategoryRepository…
2024-12-20T07:09:33.926+07:00 DEBUG 16716 --- [NextGenTech] [           main] tor$SharedEntityManagerInvocationHandler : Creating new EntityManager for shared EntityManager invocation
2024-12-20T07:09:33.928+07:00 DEBUG 16716 --- [NextGenTech] [           main] o.s.d.jpa.repository.query.NamedQuery    : Looking up named query CategoryPost.findBySlug
2024-12-20T07:09:33.928+07:00 DEBUG 16716 --- [NextGenTech] [           main] o.s.d.jpa.repository.query.NamedQuery    : Did not find named query CategoryPost.findBySlug
2024-12-20T07:09:33.928+07:00 DEBUG 16716 --- [NextGenTech] [           main] tor$SharedEntityManagerInvocationHandler : Creating new EntityManager for shared EntityManager invocation
2024-12-20T07:09:33.929+07:00 DEBUG 16716 --- [NextGenTech] [           main] o.s.d.jpa.repository.query.NamedQuery    : Looking up named query CategoryPost.existsBySlug
2024-12-20T07:09:33.930+07:00 DEBUG 16716 --- [NextGenTech] [           main] o.s.d.jpa.repository.query.NamedQuery    : Did not find named query CategoryPost.existsBySlug
2024-12-20T07:09:33.930+07:00 DEBUG 16716 --- [NextGenTech] [           main] tor$SharedEntityManagerInvocationHandler : Creating new EntityManager for shared EntityManager invocation
2024-12-20T07:09:33.934+07:00 DEBUG 16716 --- [NextGenTech] [           main] o.s.d.r.c.s.RepositoryFactorySupport     : Finished creation of repository instance for com.example.nextgentech.Repository.CategoryRepository.
2024-12-20T07:09:33.937+07:00 DEBUG 16716 --- [NextGenTech] [           main] o.s.b.f.s.DefaultListableBeanFactory     : Creating shared instance of singleton bean 'postService'
2024-12-20T07:09:33.937+07:00 DEBUG 16716 --- [NextGenTech] [           main] o.s.b.f.s.DefaultListableBeanFactory     : Creating shared instance of singleton bean 'postRepository'
2024-12-20T07:09:33.938+07:00 DEBUG 16716 --- [NextGenTech] [           main] o.s.b.f.s.DefaultListableBeanFactory     : Creating shared instance of singleton bean 'jpa.named-queries#5'
2024-12-20T07:09:33.939+07:00 DEBUG 16716 --- [NextGenTech] [           main] o.s.b.f.s.DefaultListableBeanFactory     : Creating shared instance of singleton bean 'jpa.PostRepository.fragments#0'
2024-12-20T07:09:33.941+07:00 DEBUG 16716 --- [NextGenTech] [           main] tor$SharedEntityManagerInvocationHandler : Creating new EntityManager for shared EntityManager invocation
2024-12-20T07:09:33.947+07:00 DEBUG 16716 --- [NextGenTech] [           main] o.s.d.r.c.s.RepositoryFactorySupport     : Initializing repository instance for com.example.nextgentech.Repository.PostRepository…
2024-12-20T07:09:33.947+07:00 DEBUG 16716 --- [NextGenTech] [           main] tor$SharedEntityManagerInvocationHandler : Creating new EntityManager for shared EntityManager invocation
2024-12-20T07:09:33.951+07:00 DEBUG 16716 --- [NextGenTech] [           main] o.s.d.jpa.repository.query.NamedQuery    : Looking up named query Post.findPostBySlug
2024-12-20T07:09:33.951+07:00 DEBUG 16716 --- [NextGenTech] [           main] o.s.d.jpa.repository.query.NamedQuery    : Did not find named query Post.findPostBySlug
2024-12-20T07:09:33.951+07:00 DEBUG 16716 --- [NextGenTech] [           main] tor$SharedEntityManagerInvocationHandler : Creating new EntityManager for shared EntityManager invocation
2024-12-20T07:09:33.953+07:00 DEBUG 16716 --- [NextGenTech] [           main] o.s.d.jpa.repository.query.NamedQuery    : Looking up named query Post.findBySlug
2024-12-20T07:09:33.953+07:00 DEBUG 16716 --- [NextGenTech] [           main] o.s.d.jpa.repository.query.NamedQuery    : Did not find named query Post.findBySlug
2024-12-20T07:09:33.953+07:00 DEBUG 16716 --- [NextGenTech] [           main] tor$SharedEntityManagerInvocationHandler : Creating new EntityManager for shared EntityManager invocation
2024-12-20T07:09:33.954+07:00 DEBUG 16716 --- [NextGenTech] [           main] o.s.d.jpa.repository.query.NamedQuery    : Looking up named query Post.existsBySlug
2024-12-20T07:09:33.954+07:00 DEBUG 16716 --- [NextGenTech] [           main] o.s.d.jpa.repository.query.NamedQuery    : Did not find named query Post.existsBySlug
2024-12-20T07:09:33.954+07:00 DEBUG 16716 --- [NextGenTech] [           main] tor$SharedEntityManagerInvocationHandler : Creating new EntityManager for shared EntityManager invocation
2024-12-20T07:09:33.956+07:00 DEBUG 16716 --- [NextGenTech] [           main] o.s.d.jpa.repository.query.NamedQuery    : Looking up named query Post.findByAuthor
2024-12-20T07:09:33.956+07:00 DEBUG 16716 --- [NextGenTech] [           main] o.s.d.jpa.repository.query.NamedQuery    : Did not find named query Post.findByAuthor
2024-12-20T07:09:33.956+07:00 DEBUG 16716 --- [NextGenTech] [           main] tor$SharedEntityManagerInvocationHandler : Creating new EntityManager for shared EntityManager invocation
2024-12-20T07:09:33.961+07:00 DEBUG 16716 --- [NextGenTech] [           main] o.s.d.jpa.repository.query.NamedQuery    : Did not find named query Post.findPostsByKeyword.count
2024-12-20T07:09:33.962+07:00 DEBUG 16716 --- [NextGenTech] [           main] tor$SharedEntityManagerInvocationHandler : Creating new EntityManager for shared EntityManager invocation
2024-12-20T07:09:33.972+07:00  INFO 16716 --- [NextGenTech] [           main] o.s.d.j.r.query.QueryEnhancerFactory     : Hibernate is in classpath; If applicable, HQL parser will be used.
2024-12-20T07:09:34.237+07:00 DEBUG 16716 --- [NextGenTech] [           main] o.s.d.jpa.repository.query.NamedQuery    : Did not find named query Post.findRandomPosts.count
2024-12-20T07:09:34.237+07:00 DEBUG 16716 --- [NextGenTech] [           main] tor$SharedEntityManagerInvocationHandler : Creating new EntityManager for shared EntityManager invocation
2024-12-20T07:09:34.240+07:00 DEBUG 16716 --- [NextGenTech] [           main] o.s.d.jpa.repository.query.NamedQuery    : Did not find named query Post.findTop4RelatedPostsByTag.count
2024-12-20T07:09:34.240+07:00 DEBUG 16716 --- [NextGenTech] [           main] tor$SharedEntityManagerInvocationHandler : Creating new EntityManager for shared EntityManager invocation
2024-12-20T07:09:34.257+07:00 DEBUG 16716 --- [NextGenTech] [           main] o.s.d.jpa.repository.query.NamedQuery    : Looking up named query Post.findTop4ByOrderByViewsDesc
2024-12-20T07:09:34.258+07:00 DEBUG 16716 --- [NextGenTech] [           main] o.s.d.jpa.repository.query.NamedQuery    : Did not find named query Post.findTop4ByOrderByViewsDesc
2024-12-20T07:09:34.258+07:00 DEBUG 16716 --- [NextGenTech] [           main] tor$SharedEntityManagerInvocationHandler : Creating new EntityManager for shared EntityManager invocation
2024-12-20T07:09:34.262+07:00 DEBUG 16716 --- [NextGenTech] [           main] o.s.d.jpa.repository.query.NamedQuery    : Did not find named query Post.findTop4CombinedRecommendations.count
2024-12-20T07:09:34.262+07:00 DEBUG 16716 --- [NextGenTech] [           main] tor$SharedEntityManagerInvocationHandler : Creating new EntityManager for shared EntityManager invocation
2024-12-20T07:09:34.267+07:00 DEBUG 16716 --- [NextGenTech] [           main] o.s.d.jpa.repository.query.NamedQuery    : Did not find named query Post.findRandomPostsExcluding.count
2024-12-20T07:09:34.267+07:00 DEBUG 16716 --- [NextGenTech] [           main] tor$SharedEntityManagerInvocationHandler : Creating new EntityManager for shared EntityManager invocation
2024-12-20T07:09:34.301+07:00 DEBUG 16716 --- [NextGenTech] [           main] o.s.d.jpa.repository.query.NamedQuery    : Looking up named query Post.findByTitleContainingOrTagsContaining
2024-12-20T07:09:34.302+07:00 DEBUG 16716 --- [NextGenTech] [           main] o.s.d.jpa.repository.query.NamedQuery    : Did not find named query Post.findByTitleContainingOrTagsContaining
2024-12-20T07:09:34.302+07:00 DEBUG 16716 --- [NextGenTech] [           main] tor$SharedEntityManagerInvocationHandler : Creating new EntityManager for shared EntityManager invocation
2024-12-20T07:09:34.304+07:00 DEBUG 16716 --- [NextGenTech] [           main] o.s.d.jpa.repository.query.NamedQuery    : Did not find named query Post.findTop3ByOrderByCreatedDateDesc.count
2024-12-20T07:09:34.304+07:00 DEBUG 16716 --- [NextGenTech] [           main] tor$SharedEntityManagerInvocationHandler : Creating new EntityManager for shared EntityManager invocation
2024-12-20T07:09:34.305+07:00 DEBUG 16716 --- [NextGenTech] [           main] o.s.d.jpa.repository.query.NamedQuery    : Looking up named query Post.findAllByCreatedAtBetween
2024-12-20T07:09:34.305+07:00 DEBUG 16716 --- [NextGenTech] [           main] o.s.d.jpa.repository.query.NamedQuery    : Did not find named query Post.findAllByCreatedAtBetween
2024-12-20T07:09:34.305+07:00 DEBUG 16716 --- [NextGenTech] [           main] tor$SharedEntityManagerInvocationHandler : Creating new EntityManager for shared EntityManager invocation
2024-12-20T07:09:34.309+07:00 DEBUG 16716 --- [NextGenTech] [           main] o.s.d.r.c.s.RepositoryFactorySupport     : Finished creation of repository instance for com.example.nextgentech.Repository.PostRepository.
2024-12-20T07:09:34.310+07:00 DEBUG 16716 --- [NextGenTech] [           main] o.s.b.f.s.DefaultListableBeanFactory     : Creating shared instance of singleton bean 'userService'
2024-12-20T07:09:34.311+07:00 DEBUG 16716 --- [NextGenTech] [           main] o.s.b.f.s.DefaultListableBeanFactory     : Creating shared instance of singleton bean 'commentService'
2024-12-20T07:09:34.311+07:00 DEBUG 16716 --- [NextGenTech] [           main] o.s.b.f.s.DefaultListableBeanFactory     : Creating shared instance of singleton bean 'commentRepository'
2024-12-20T07:09:34.312+07:00 DEBUG 16716 --- [NextGenTech] [           main] o.s.b.f.s.DefaultListableBeanFactory     : Creating shared instance of singleton bean 'jpa.named-queries#3'
2024-12-20T07:09:34.313+07:00 DEBUG 16716 --- [NextGenTech] [           main] o.s.b.f.s.DefaultListableBeanFactory     : Creating shared instance of singleton bean 'jpa.CommentRepository.fragments#0'
2024-12-20T07:09:34.314+07:00 DEBUG 16716 --- [NextGenTech] [           main] tor$SharedEntityManagerInvocationHandler : Creating new EntityManager for shared EntityManager invocation
2024-12-20T07:09:34.317+07:00 DEBUG 16716 --- [NextGenTech] [           main] o.s.d.r.c.s.RepositoryFactorySupport     : Initializing repository instance for com.example.nextgentech.Repository.CommentRepository…
2024-12-20T07:09:34.317+07:00 DEBUG 16716 --- [NextGenTech] [           main] tor$SharedEntityManagerInvocationHandler : Creating new EntityManager for shared EntityManager invocation
2024-12-20T07:09:34.319+07:00 DEBUG 16716 --- [NextGenTech] [           main] o.s.d.jpa.repository.query.NamedQuery    : Looking up named query Comment.countByPost
2024-12-20T07:09:34.320+07:00 DEBUG 16716 --- [NextGenTech] [           main] o.s.d.jpa.repository.query.NamedQuery    : Did not find named query Comment.countByPost
2024-12-20T07:09:34.320+07:00 DEBUG 16716 --- [NextGenTech] [           main] tor$SharedEntityManagerInvocationHandler : Creating new EntityManager for shared EntityManager invocation
2024-12-20T07:09:34.321+07:00 DEBUG 16716 --- [NextGenTech] [           main] o.s.d.jpa.repository.query.NamedQuery    : Looking up named query Comment.findByPostIdAndParentCommentIsNull
2024-12-20T07:09:34.321+07:00 DEBUG 16716 --- [NextGenTech] [           main] o.s.d.jpa.repository.query.NamedQuery    : Did not find named query Comment.findByPostIdAndParentCommentIsNull
2024-12-20T07:09:34.321+07:00 DEBUG 16716 --- [NextGenTech] [           main] tor$SharedEntityManagerInvocationHandler : Creating new EntityManager for shared EntityManager invocation
2024-12-20T07:09:34.326+07:00 DEBUG 16716 --- [NextGenTech] [           main] o.s.d.jpa.repository.query.NamedQuery    : Did not find named query Comment.findRepliesByParentId.count
2024-12-20T07:09:34.326+07:00 DEBUG 16716 --- [NextGenTech] [           main] tor$SharedEntityManagerInvocationHandler : Creating new EntityManager for shared EntityManager invocation
2024-12-20T07:09:34.330+07:00 DEBUG 16716 --- [NextGenTech] [           main] o.s.d.jpa.repository.query.NamedQuery    : Looking up named query Comment.findByPostIdAndParentCommentIsNullOrderByCreatedAtDesc
2024-12-20T07:09:34.331+07:00 DEBUG 16716 --- [NextGenTech] [           main] o.s.d.jpa.repository.query.NamedQuery    : Did not find named query Comment.findByPostIdAndParentCommentIsNullOrderByCreatedAtDesc
2024-12-20T07:09:34.331+07:00 DEBUG 16716 --- [NextGenTech] [           main] tor$SharedEntityManagerInvocationHandler : Creating new EntityManager for shared EntityManager invocation
2024-12-20T07:09:34.332+07:00 DEBUG 16716 --- [NextGenTech] [           main] o.s.d.jpa.repository.query.NamedQuery    : Looking up named query Comment.findByParentCommentIdOrderByCreatedAtAsc
2024-12-20T07:09:34.333+07:00 DEBUG 16716 --- [NextGenTech] [           main] o.s.d.jpa.repository.query.NamedQuery    : Did not find named query Comment.findByParentCommentIdOrderByCreatedAtAsc
2024-12-20T07:09:34.333+07:00 DEBUG 16716 --- [NextGenTech] [           main] tor$SharedEntityManagerInvocationHandler : Creating new EntityManager for shared EntityManager invocation
2024-12-20T07:09:34.336+07:00 DEBUG 16716 --- [NextGenTech] [           main] o.s.d.r.c.s.RepositoryFactorySupport     : Finished creation of repository instance for com.example.nextgentech.Repository.CommentRepository.
2024-12-20T07:09:34.336+07:00 DEBUG 16716 --- [NextGenTech] [           main] o.s.b.f.s.DefaultListableBeanFactory     : Autowiring by type from bean name 'commentService' via constructor to bean named 'commentRepository'
2024-12-20T07:09:34.337+07:00 DEBUG 16716 --- [NextGenTech] [           main] o.s.b.f.s.DefaultListableBeanFactory     : Creating shared instance of singleton bean 'likeService'
2024-12-20T07:09:34.337+07:00 DEBUG 16716 --- [NextGenTech] [           main] o.s.b.f.s.DefaultListableBeanFactory     : Creating shared instance of singleton bean 'likeRepository'
2024-12-20T07:09:34.338+07:00 DEBUG 16716 --- [NextGenTech] [           main] o.s.b.f.s.DefaultListableBeanFactory     : Creating shared instance of singleton bean 'jpa.named-queries#1'
2024-12-20T07:09:34.338+07:00 DEBUG 16716 --- [NextGenTech] [           main] o.s.b.f.s.DefaultListableBeanFactory     : Creating shared instance of singleton bean 'jpa.LikeRepository.fragments#0'
2024-12-20T07:09:34.339+07:00 DEBUG 16716 --- [NextGenTech] [           main] tor$SharedEntityManagerInvocationHandler : Creating new EntityManager for shared EntityManager invocation
2024-12-20T07:09:34.342+07:00 DEBUG 16716 --- [NextGenTech] [           main] o.s.d.r.c.s.RepositoryFactorySupport     : Initializing repository instance for com.example.nextgentech.Repository.LikeRepository…
2024-12-20T07:09:34.342+07:00 DEBUG 16716 --- [NextGenTech] [           main] tor$SharedEntityManagerInvocationHandler : Creating new EntityManager for shared EntityManager invocation
2024-12-20T07:09:34.343+07:00 DEBUG 16716 --- [NextGenTech] [           main] o.s.d.jpa.repository.query.NamedQuery    : Looking up named query Like.countByPost
2024-12-20T07:09:34.343+07:00 DEBUG 16716 --- [NextGenTech] [           main] o.s.d.jpa.repository.query.NamedQuery    : Did not find named query Like.countByPost
2024-12-20T07:09:34.343+07:00 DEBUG 16716 --- [NextGenTech] [           main] tor$SharedEntityManagerInvocationHandler : Creating new EntityManager for shared EntityManager invocation
2024-12-20T07:09:34.344+07:00 DEBUG 16716 --- [NextGenTech] [           main] o.s.d.jpa.repository.query.NamedQuery    : Looking up named query Like.findByPostAndUser
2024-12-20T07:09:34.344+07:00 DEBUG 16716 --- [NextGenTech] [           main] o.s.d.jpa.repository.query.NamedQuery    : Did not find named query Like.findByPostAndUser
2024-12-20T07:09:34.344+07:00 DEBUG 16716 --- [NextGenTech] [           main] tor$SharedEntityManagerInvocationHandler : Creating new EntityManager for shared EntityManager invocation
2024-12-20T07:09:34.346+07:00 DEBUG 16716 --- [NextGenTech] [           main] o.s.d.r.c.s.RepositoryFactorySupport     : Finished creation of repository instance for com.example.nextgentech.Repository.LikeRepository.
2024-12-20T07:09:34.347+07:00 DEBUG 16716 --- [NextGenTech] [           main] o.s.b.f.s.DefaultListableBeanFactory     : Creating shared instance of singleton bean 'searchLogService'
2024-12-20T07:09:34.348+07:00 DEBUG 16716 --- [NextGenTech] [           main] o.s.b.f.s.DefaultListableBeanFactory     : Creating shared instance of singleton bean 'searchLogRepository'
2024-12-20T07:09:34.348+07:00 DEBUG 16716 --- [NextGenTech] [           main] o.s.b.f.s.DefaultListableBeanFactory     : Creating shared instance of singleton bean 'jpa.named-queries#4'
2024-12-20T07:09:34.349+07:00 DEBUG 16716 --- [NextGenTech] [           main] o.s.b.f.s.DefaultListableBeanFactory     : Creating shared instance of singleton bean 'jpa.SearchLogRepository.fragments#0'
2024-12-20T07:09:34.350+07:00 DEBUG 16716 --- [NextGenTech] [           main] tor$SharedEntityManagerInvocationHandler : Creating new EntityManager for shared EntityManager invocation
2024-12-20T07:09:34.352+07:00 DEBUG 16716 --- [NextGenTech] [           main] o.s.d.r.c.s.RepositoryFactorySupport     : Initializing repository instance for com.example.nextgentech.Repository.SearchLogRepository…
2024-12-20T07:09:34.353+07:00 DEBUG 16716 --- [NextGenTech] [           main] tor$SharedEntityManagerInvocationHandler : Creating new EntityManager for shared EntityManager invocation
2024-12-20T07:09:34.354+07:00 DEBUG 16716 --- [NextGenTech] [           main] o.s.d.jpa.repository.query.NamedQuery    : Did not find named query SearchLog.findTop5SearchQueriesByUserId.count
2024-12-20T07:09:34.354+07:00 DEBUG 16716 --- [NextGenTech] [           main] tor$SharedEntityManagerInvocationHandler : Creating new EntityManager for shared EntityManager invocation
2024-12-20T07:09:34.374+07:00 DEBUG 16716 --- [NextGenTech] [           main] o.s.d.jpa.repository.query.NamedQuery    : Looking up named query SearchLog.findTop5ByUserOrderByCreatedAtDesc
2024-12-20T07:09:34.375+07:00 DEBUG 16716 --- [NextGenTech] [           main] o.s.d.jpa.repository.query.NamedQuery    : Did not find named query SearchLog.findTop5ByUserOrderByCreatedAtDesc
2024-12-20T07:09:34.375+07:00 DEBUG 16716 --- [NextGenTech] [           main] tor$SharedEntityManagerInvocationHandler : Creating new EntityManager for shared EntityManager invocation
2024-12-20T07:09:34.377+07:00 DEBUG 16716 --- [NextGenTech] [           main] o.s.d.r.c.s.RepositoryFactorySupport     : Finished creation of repository instance for com.example.nextgentech.Repository.SearchLogRepository.
2024-12-20T07:09:34.378+07:00 DEBUG 16716 --- [NextGenTech] [           main] o.s.b.f.s.DefaultListableBeanFactory     : Creating shared instance of singleton bean 'categoryController'
2024-12-20T07:09:34.379+07:00 DEBUG 16716 --- [NextGenTech] [           main] o.s.b.f.s.DefaultListableBeanFactory     : Creating shared instance of singleton bean 'commentController'
2024-12-20T07:09:34.380+07:00 DEBUG 16716 --- [NextGenTech] [           main] o.s.b.f.s.DefaultListableBeanFactory     : Creating shared instance of singleton bean 'homeController'
2024-12-20T07:09:34.380+07:00 DEBUG 16716 --- [NextGenTech] [           main] o.s.b.f.s.DefaultListableBeanFactory     : Creating shared instance of singleton bean 'likeController'
2024-12-20T07:09:34.382+07:00 DEBUG 16716 --- [NextGenTech] [           main] o.s.b.f.s.DefaultListableBeanFactory     : Creating shared instance of singleton bean 'postController'
2024-12-20T07:09:34.383+07:00 DEBUG 16716 --- [NextGenTech] [           main] o.s.b.f.s.DefaultListableBeanFactory     : Creating shared instance of singleton bean 'securityFilterChain'
2024-12-20T07:09:34.384+07:00 DEBUG 16716 --- [NextGenTech] [           main] o.s.b.f.s.DefaultListableBeanFactory     : Creating shared instance of singleton bean 'org.springframework.security.config.annotation.web.configuration.HttpSecurityConfiguration'
2024-12-20T07:09:34.386+07:00 DEBUG 16716 --- [NextGenTech] [           main] o.s.b.f.s.DefaultListableBeanFactory     : Creating shared instance of singleton bean 'objectPostProcessor'
2024-12-20T07:09:34.386+07:00 DEBUG 16716 --- [NextGenTech] [           main] o.s.b.f.s.DefaultListableBeanFactory     : Creating shared instance of singleton bean 'org.springframework.security.config.annotation.configuration.ObjectPostProcessorConfiguration'
2024-12-20T07:09:34.387+07:00 DEBUG 16716 --- [NextGenTech] [           main] o.s.b.f.s.DefaultListableBeanFactory     : Autowiring by type from bean name 'objectPostProcessor' via factory method to bean named 'org.springframework.beans.factory.support.DefaultListableBeanFactory@3a60c416'
2024-12-20T07:09:34.388+07:00 DEBUG 16716 --- [NextGenTech] [           main] o.s.b.f.s.DefaultListableBeanFactory     : Creating shared instance of singleton bean 'org.springframework.security.config.annotation.authentication.configuration.AuthenticationConfiguration'
2024-12-20T07:09:34.389+07:00 DEBUG 16716 --- [NextGenTech] [           main] o.s.b.f.s.DefaultListableBeanFactory     : Creating shared instance of singleton bean 'enableGlobalAuthenticationAutowiredConfigurer'
2024-12-20T07:09:34.389+07:00 DEBUG 16716 --- [NextGenTech] [           main] o.s.b.f.s.DefaultListableBeanFactory     : Autowiring by type from bean name 'enableGlobalAuthenticationAutowiredConfigurer' via factory method to bean named 'org.springframework.web.context.support.GenericWebApplicationContext@51bde877'
2024-12-20T07:09:34.390+07:00 DEBUG 16716 --- [NextGenTech] [           main] o.s.b.f.s.DefaultListableBeanFactory     : Creating shared instance of singleton bean 'initializeUserDetailsBeanManagerConfigurer'
2024-12-20T07:09:34.390+07:00 DEBUG 16716 --- [NextGenTech] [           main] o.s.b.f.s.DefaultListableBeanFactory     : Autowiring by type from bean name 'initializeUserDetailsBeanManagerConfigurer' via factory method to bean named 'org.springframework.web.context.support.GenericWebApplicationContext@51bde877'
2024-12-20T07:09:34.390+07:00 DEBUG 16716 --- [NextGenTech] [           main] o.s.b.f.s.DefaultListableBeanFactory     : Creating shared instance of singleton bean 'initializeAuthenticationProviderBeanManagerConfigurer'
2024-12-20T07:09:34.391+07:00 DEBUG 16716 --- [NextGenTech] [           main] o.s.b.f.s.DefaultListableBeanFactory     : Autowiring by type from bean name 'initializeAuthenticationProviderBeanManagerConfigurer' via factory method to bean named 'org.springframework.web.context.support.GenericWebApplicationContext@51bde877'
2024-12-20T07:09:34.392+07:00 DEBUG 16716 --- [NextGenTech] [           main] o.s.b.f.s.DefaultListableBeanFactory     : Creating shared instance of singleton bean 'mvcContentNegotiationManager'
2024-12-20T07:09:34.392+07:00 DEBUG 16716 --- [NextGenTech] [           main] o.s.b.f.s.DefaultListableBeanFactory     : Creating shared instance of singleton bean 'org.springframework.boot.autoconfigure.web.servlet.WebMvcAutoConfiguration$EnableWebMvcConfiguration'
2024-12-20T07:09:34.393+07:00 DEBUG 16716 --- [NextGenTech] [           main] o.s.b.f.s.DefaultListableBeanFactory     : Creating shared instance of singleton bean 'spring.mvc-org.springframework.boot.autoconfigure.web.servlet.WebMvcProperties'
2024-12-20T07:09:34.395+07:00 DEBUG 16716 --- [NextGenTech] [           main] o.s.b.f.s.DefaultListableBeanFactory     : Creating shared instance of singleton bean 'spring.web-org.springframework.boot.autoconfigure.web.WebProperties'
2024-12-20T07:09:34.398+07:00 DEBUG 16716 --- [NextGenTech] [           main] o.s.b.f.s.DefaultListableBeanFactory     : Autowiring by type from bean name 'org.springframework.boot.autoconfigure.web.servlet.WebMvcAutoConfiguration$EnableWebMvcConfiguration' via constructor to bean named 'spring.mvc-org.springframework.boot.autoconfigure.web.servlet.WebMvcProperties'
2024-12-20T07:09:34.398+07:00 DEBUG 16716 --- [NextGenTech] [           main] o.s.b.f.s.DefaultListableBeanFactory     : Autowiring by type from bean name 'org.springframework.boot.autoconfigure.web.servlet.WebMvcAutoConfiguration$EnableWebMvcConfiguration' via constructor to bean named 'spring.web-org.springframework.boot.autoconfigure.web.WebProperties'
2024-12-20T07:09:34.398+07:00 DEBUG 16716 --- [NextGenTech] [           main] o.s.b.f.s.DefaultListableBeanFactory     : Autowiring by type from bean name 'org.springframework.boot.autoconfigure.web.servlet.WebMvcAutoConfiguration$EnableWebMvcConfiguration' via constructor to bean named 'org.springframework.beans.factory.support.DefaultListableBeanFactory@3a60c416'
2024-12-20T07:09:34.402+07:00 DEBUG 16716 --- [NextGenTech] [           main] o.s.b.f.s.DefaultListableBeanFactory     : Creating shared instance of singleton bean 'org.springframework.boot.autoconfigure.web.servlet.WebMvcAutoConfiguration$WebMvcAutoConfigurationAdapter'
2024-12-20T07:09:34.402+07:00 DEBUG 16716 --- [NextGenTech] [           main] o.s.b.f.s.DefaultListableBeanFactory     : Autowiring by type from bean name 'org.springframework.boot.autoconfigure.web.servlet.WebMvcAutoConfiguration$WebMvcAutoConfigurationAdapter' via constructor to bean named 'spring.web-org.springframework.boot.autoconfigure.web.WebProperties'
2024-12-20T07:09:34.402+07:00 DEBUG 16716 --- [NextGenTech] [           main] o.s.b.f.s.DefaultListableBeanFactory     : Autowiring by type from bean name 'org.springframework.boot.autoconfigure.web.servlet.WebMvcAutoConfiguration$WebMvcAutoConfigurationAdapter' via constructor to bean named 'spring.mvc-org.springframework.boot.autoconfigure.web.servlet.WebMvcProperties'
2024-12-20T07:09:34.402+07:00 DEBUG 16716 --- [NextGenTech] [           main] o.s.b.f.s.DefaultListableBeanFactory     : Autowiring by type from bean name 'org.springframework.boot.autoconfigure.web.servlet.WebMvcAutoConfiguration$WebMvcAutoConfigurationAdapter' via constructor to bean named 'org.springframework.beans.factory.support.DefaultListableBeanFactory@3a60c416'
2024-12-20T07:09:34.404+07:00 DEBUG 16716 --- [NextGenTech] [           main] o.s.b.f.s.DefaultListableBeanFactory     : Creating shared instance of singleton bean 'openEntityManagerInViewInterceptorConfigurer'
2024-12-20T07:09:34.404+07:00 DEBUG 16716 --- [NextGenTech] [           main] o.s.b.f.s.DefaultListableBeanFactory     : Creating shared instance of singleton bean 'org.springframework.boot.autoconfigure.orm.jpa.JpaBaseConfiguration$JpaWebConfiguration'
2024-12-20T07:09:34.404+07:00 DEBUG 16716 --- [NextGenTech] [           main] o.s.b.f.s.DefaultListableBeanFactory     : Autowiring by type from bean name 'org.springframework.boot.autoconfigure.orm.jpa.JpaBaseConfiguration$JpaWebConfiguration' via constructor to bean named 'spring.jpa-org.springframework.boot.autoconfigure.orm.jpa.JpaProperties'
2024-12-20T07:09:34.405+07:00 DEBUG 16716 --- [NextGenTech] [           main] o.s.b.f.s.DefaultListableBeanFactory     : Creating shared instance of singleton bean 'openEntityManagerInViewInterceptor'
2024-12-20T07:09:34.405+07:00  WARN 16716 --- [NextGenTech] [           main] JpaBaseConfiguration$JpaWebConfiguration : spring.jpa.open-in-view is enabled by default. Therefore, database queries may be performed during view rendering. Explicitly configure spring.jpa.open-in-view to disable this warning
2024-12-20T07:09:34.407+07:00 DEBUG 16716 --- [NextGenTech] [           main] o.s.b.f.s.DefaultListableBeanFactory     : Autowiring by type from bean name 'openEntityManagerInViewInterceptorConfigurer' via factory method to bean named 'openEntityManagerInViewInterceptor'
2024-12-20T07:09:34.408+07:00 DEBUG 16716 --- [NextGenTech] [           main] o.s.b.f.s.DefaultListableBeanFactory     : Creating shared instance of singleton bean 'org.springframework.data.web.config.SpringDataWebConfiguration'
2024-12-20T07:09:34.408+07:00 DEBUG 16716 --- [NextGenTech] [           main] o.s.b.f.s.DefaultListableBeanFactory     : Autowiring by type from bean name 'org.springframework.data.web.config.SpringDataWebConfiguration' via constructor to bean named 'org.springframework.web.context.support.GenericWebApplicationContext@51bde877'
2024-12-20T07:09:34.409+07:00 DEBUG 16716 --- [NextGenTech] [           main] o.s.b.f.s.DefaultListableBeanFactory     : Creating shared instance of singleton bean 'org.springframework.security.config.annotation.web.configuration.WebMvcSecurityConfiguration'
2024-12-20T07:09:34.410+07:00 DEBUG 16716 --- [NextGenTech] [           main] o.s.b.f.s.DefaultListableBeanFactory     : Creating shared instance of singleton bean 'org.springframework.security.config.annotation.web.configuration.OAuth2ClientConfiguration$OAuth2ClientWebMvcSecurityConfiguration'
2024-12-20T07:09:34.410+07:00 DEBUG 16716 --- [NextGenTech] [           main] o.s.b.f.s.DefaultListableBeanFactory     : Autowiring by type from bean name 'org.springframework.security.config.annotation.web.configuration.OAuth2ClientConfiguration$OAuth2ClientWebMvcSecurityConfiguration' via constructor to bean named 'authorizedClientManagerRegistrar'
2024-12-20T07:09:34.411+07:00 DEBUG 16716 --- [NextGenTech] [           main] o.s.b.f.s.DefaultListableBeanFactory     : Creating shared instance of singleton bean 'OAuth2AuthorizedClientManager'
2024-12-20T07:09:34.411+07:00 DEBUG 16716 --- [NextGenTech] [           main] o.s.b.f.s.DefaultListableBeanFactory     : Creating shared instance of singleton bean 'clientRegistrationRepository'
2024-12-20T07:09:34.411+07:00 DEBUG 16716 --- [NextGenTech] [           main] o.s.b.f.s.DefaultListableBeanFactory     : Creating shared instance of singleton bean 'org.springframework.boot.autoconfigure.security.oauth2.client.servlet.OAuth2ClientRegistrationRepositoryConfiguration'
2024-12-20T07:09:34.412+07:00 DEBUG 16716 --- [NextGenTech] [           main] o.s.b.f.s.DefaultListableBeanFactory     : Creating shared instance of singleton bean 'spring.security.oauth2.client-org.springframework.boot.autoconfigure.security.oauth2.client.OAuth2ClientProperties'
2024-12-20T07:09:34.416+07:00 DEBUG 16716 --- [NextGenTech] [           main] o.s.b.f.s.DefaultListableBeanFactory     : Autowiring by type from bean name 'clientRegistrationRepository' via factory method to bean named 'spring.security.oauth2.client-org.springframework.boot.autoconfigure.security.oauth2.client.OAuth2ClientProperties'
2024-12-20T07:09:34.434+07:00 DEBUG 16716 --- [NextGenTech] [           main] o.s.b.f.s.DefaultListableBeanFactory     : Creating shared instance of singleton bean 'authorizedClientRepository'
2024-12-20T07:09:34.434+07:00 DEBUG 16716 --- [NextGenTech] [           main] o.s.b.f.s.DefaultListableBeanFactory     : Creating shared instance of singleton bean 'org.springframework.boot.autoconfigure.security.oauth2.client.servlet.OAuth2WebSecurityConfiguration'
2024-12-20T07:09:34.434+07:00 DEBUG 16716 --- [NextGenTech] [           main] o.s.b.f.s.DefaultListableBeanFactory     : Creating shared instance of singleton bean 'authorizedClientService'
2024-12-20T07:09:34.434+07:00 DEBUG 16716 --- [NextGenTech] [           main] o.s.b.f.s.DefaultListableBeanFactory     : Autowiring by type from bean name 'authorizedClientService' via factory method to bean named 'clientRegistrationRepository'
2024-12-20T07:09:34.435+07:00 DEBUG 16716 --- [NextGenTech] [           main] o.s.b.f.s.DefaultListableBeanFactory     : Autowiring by type from bean name 'authorizedClientRepository' via factory method to bean named 'authorizedClientService'
2024-12-20T07:09:34.467+07:00 DEBUG 16716 --- [NextGenTech] [           main] o.s.b.f.s.DefaultListableBeanFactory     : Creating shared instance of singleton bean 'authenticationManagerBuilder'
2024-12-20T07:09:34.468+07:00 DEBUG 16716 --- [NextGenTech] [           main] o.s.b.f.s.DefaultListableBeanFactory     : Autowiring by type from bean name 'authenticationManagerBuilder' via factory method to bean named 'objectPostProcessor'
2024-12-20T07:09:34.468+07:00 DEBUG 16716 --- [NextGenTech] [           main] o.s.b.f.s.DefaultListableBeanFactory     : Autowiring by type from bean name 'authenticationManagerBuilder' via factory method to bean named 'org.springframework.web.context.support.GenericWebApplicationContext@51bde877'
2024-12-20T07:09:34.469+07:00 DEBUG 16716 --- [NextGenTech] [           main] o.s.b.f.s.DefaultListableBeanFactory     : Creating shared instance of singleton bean 'authenticationEventPublisher'
2024-12-20T07:09:34.469+07:00 DEBUG 16716 --- [NextGenTech] [           main] o.s.b.f.s.DefaultListableBeanFactory     : Creating shared instance of singleton bean 'org.springframework.boot.autoconfigure.security.servlet.SecurityAutoConfiguration'
2024-12-20T07:09:34.469+07:00 DEBUG 16716 --- [NextGenTech] [           main] o.s.b.f.s.DefaultListableBeanFactory     : Autowiring by type from bean name 'authenticationEventPublisher' via factory method to bean named 'org.springframework.web.context.support.GenericWebApplicationContext@51bde877'
2024-12-20T07:09:34.475+07:00 DEBUG 16716 --- [NextGenTech] [           main] o.s.b.f.s.DefaultListableBeanFactory     : Creating shared instance of singleton bean 'org.springframework.boot.autoconfigure.security.servlet.SpringBootWebSecurityConfiguration$WebSecurityEnablerConfiguration'
2024-12-20T07:09:34.476+07:00 DEBUG 16716 --- [NextGenTech] [           main] swordEncoderAuthenticationManagerBuilder : No authenticationProviders and no parentAuthenticationManager defined. Returning null.
2024-12-20T07:09:34.512+07:00 DEBUG 16716 --- [NextGenTech] [           main] o.s.b.f.s.DefaultListableBeanFactory     : Autowiring by type from bean name 'securityFilterChain' via factory method to bean named 'org.springframework.security.config.annotation.web.configuration.HttpSecurityConfiguration.httpSecurity'
2024-12-20T07:09:34.519+07:00 DEBUG 16716 --- [NextGenTech] [           main] o.s.b.f.s.DefaultListableBeanFactory     : Creating shared instance of singleton bean 'webAuthorizationManagerPostProcessor'
2024-12-20T07:09:34.522+07:00 DEBUG 16716 --- [NextGenTech] [           main] o.s.b.f.s.DefaultListableBeanFactory     : Creating shared instance of singleton bean 'mvcHandlerMappingIntrospector'
2024-12-20T07:09:34.527+07:00 DEBUG 16716 --- [NextGenTech] [           main] o.s.b.f.s.DefaultListableBeanFactory     : Creating shared instance of singleton bean 'welcomePageHandlerMapping'
2024-12-20T07:09:34.527+07:00 DEBUG 16716 --- [NextGenTech] [           main] o.s.b.f.s.DefaultListableBeanFactory     : Creating shared instance of singleton bean 'mvcConversionService'
2024-12-20T07:09:34.537+07:00 DEBUG 16716 --- [NextGenTech] [           main] o.s.b.f.s.DefaultListableBeanFactory     : Creating shared instance of singleton bean 'mvcResourceUrlProvider'
2024-12-20T07:09:34.539+07:00 DEBUG 16716 --- [NextGenTech] [           main] o.s.b.f.s.DefaultListableBeanFactory     : Autowiring by type from bean name 'welcomePageHandlerMapping' via factory method to bean named 'org.springframework.web.context.support.GenericWebApplicationContext@51bde877'
2024-12-20T07:09:34.539+07:00 DEBUG 16716 --- [NextGenTech] [           main] o.s.b.f.s.DefaultListableBeanFactory     : Autowiring by type from bean name 'welcomePageHandlerMapping' via factory method to bean named 'mvcConversionService'
2024-12-20T07:09:34.539+07:00 DEBUG 16716 --- [NextGenTech] [           main] o.s.b.f.s.DefaultListableBeanFactory     : Autowiring by type from bean name 'welcomePageHandlerMapping' via factory method to bean named 'mvcResourceUrlProvider'
2024-12-20T07:09:34.556+07:00 DEBUG 16716 --- [NextGenTech] [           main] o.s.b.f.s.DefaultListableBeanFactory     : Creating shared instance of singleton bean 'welcomePageNotAcceptableHandlerMapping'
2024-12-20T07:09:34.556+07:00 DEBUG 16716 --- [NextGenTech] [           main] o.s.b.f.s.DefaultListableBeanFactory     : Autowiring by type from bean name 'welcomePageNotAcceptableHandlerMapping' via factory method to bean named 'org.springframework.web.context.support.GenericWebApplicationContext@51bde877'
2024-12-20T07:09:34.556+07:00 DEBUG 16716 --- [NextGenTech] [           main] o.s.b.f.s.DefaultListableBeanFactory     : Autowiring by type from bean name 'welcomePageNotAcceptableHandlerMapping' via factory method to bean named 'mvcConversionService'
2024-12-20T07:09:34.556+07:00 DEBUG 16716 --- [NextGenTech] [           main] o.s.b.f.s.DefaultListableBeanFactory     : Autowiring by type from bean name 'welcomePageNotAcceptableHandlerMapping' via factory method to bean named 'mvcResourceUrlProvider'
2024-12-20T07:09:34.560+07:00 DEBUG 16716 --- [NextGenTech] [           main] o.s.b.f.s.DefaultListableBeanFactory     : Creating shared instance of singleton bean 'requestMappingHandlerMapping'
2024-12-20T07:09:34.562+07:00 DEBUG 16716 --- [NextGenTech] [           main] o.s.b.f.s.DefaultListableBeanFactory     : Autowiring by type from bean name 'requestMappingHandlerMapping' via factory method to bean named 'mvcContentNegotiationManager'
2024-12-20T07:09:34.562+07:00 DEBUG 16716 --- [NextGenTech] [           main] o.s.b.f.s.DefaultListableBeanFactory     : Autowiring by type from bean name 'requestMappingHandlerMapping' via factory method to bean named 'mvcConversionService'
2024-12-20T07:09:34.562+07:00 DEBUG 16716 --- [NextGenTech] [           main] o.s.b.f.s.DefaultListableBeanFactory     : Autowiring by type from bean name 'requestMappingHandlerMapping' via factory method to bean named 'mvcResourceUrlProvider'
2024-12-20T07:09:34.608+07:00 DEBUG 16716 --- [NextGenTech] [           main] s.w.s.m.m.a.RequestMappingHandlerMapping : 36 mappings in 'requestMappingHandlerMapping'
2024-12-20T07:09:34.611+07:00 DEBUG 16716 --- [NextGenTech] [           main] o.s.b.f.s.DefaultListableBeanFactory     : Creating shared instance of singleton bean 'viewControllerHandlerMapping'
2024-12-20T07:09:34.611+07:00 DEBUG 16716 --- [NextGenTech] [           main] o.s.b.f.s.DefaultListableBeanFactory     : Autowiring by type from bean name 'viewControllerHandlerMapping' via factory method to bean named 'mvcConversionService'
2024-12-20T07:09:34.611+07:00 DEBUG 16716 --- [NextGenTech] [           main] o.s.b.f.s.DefaultListableBeanFactory     : Autowiring by type from bean name 'viewControllerHandlerMapping' via factory method to bean named 'mvcResourceUrlProvider'
2024-12-20T07:09:34.612+07:00 DEBUG 16716 --- [NextGenTech] [           main] o.s.b.f.s.DefaultListableBeanFactory     : Creating shared instance of singleton bean 'beanNameHandlerMapping'
2024-12-20T07:09:34.612+07:00 DEBUG 16716 --- [NextGenTech] [           main] o.s.b.f.s.DefaultListableBeanFactory     : Autowiring by type from bean name 'beanNameHandlerMapping' via factory method to bean named 'mvcConversionService'
2024-12-20T07:09:34.612+07:00 DEBUG 16716 --- [NextGenTech] [           main] o.s.b.f.s.DefaultListableBeanFactory     : Autowiring by type from bean name 'beanNameHandlerMapping' via factory method to bean named 'mvcResourceUrlProvider'
2024-12-20T07:09:34.615+07:00 DEBUG 16716 --- [NextGenTech] [           main] o.s.b.f.s.DefaultListableBeanFactory     : Creating shared instance of singleton bean 'routerFunctionMapping'
2024-12-20T07:09:34.615+07:00 DEBUG 16716 --- [NextGenTech] [           main] o.s.b.f.s.DefaultListableBeanFactory     : Autowiring by type from bean name 'routerFunctionMapping' via factory method to bean named 'mvcConversionService'
2024-12-20T07:09:34.615+07:00 DEBUG 16716 --- [NextGenTech] [           main] o.s.b.f.s.DefaultListableBeanFactory     : Autowiring by type from bean name 'routerFunctionMapping' via factory method to bean named 'mvcResourceUrlProvider'
2024-12-20T07:09:34.616+07:00 DEBUG 16716 --- [NextGenTech] [           main] o.s.b.f.s.DefaultListableBeanFactory     : Creating shared instance of singleton bean 'messageConverters'
2024-12-20T07:09:34.616+07:00 DEBUG 16716 --- [NextGenTech] [           main] o.s.b.f.s.DefaultListableBeanFactory     : Creating shared instance of singleton bean 'org.springframework.boot.autoconfigure.http.HttpMessageConvertersAutoConfiguration'
2024-12-20T07:09:34.620+07:00 DEBUG 16716 --- [NextGenTech] [           main] o.s.b.f.s.DefaultListableBeanFactory     : Creating shared instance of singleton bean 'stringHttpMessageConverter'
2024-12-20T07:09:34.621+07:00 DEBUG 16716 --- [NextGenTech] [           main] o.s.b.f.s.DefaultListableBeanFactory     : Creating shared instance of singleton bean 'org.springframework.boot.autoconfigure.http.HttpMessageConvertersAutoConfiguration$StringHttpMessageConverterConfiguration'
2024-12-20T07:09:34.621+07:00 DEBUG 16716 --- [NextGenTech] [           main] o.s.b.f.s.DefaultListableBeanFactory     : Autowiring by type from bean name 'stringHttpMessageConverter' via factory method to bean named 'environment'
2024-12-20T07:09:34.624+07:00 DEBUG 16716 --- [NextGenTech] [           main] o.s.b.f.s.DefaultListableBeanFactory     : Creating shared instance of singleton bean 'mappingJackson2HttpMessageConverter'
2024-12-20T07:09:34.625+07:00 DEBUG 16716 --- [NextGenTech] [           main] o.s.b.f.s.DefaultListableBeanFactory     : Creating shared instance of singleton bean 'org.springframework.boot.autoconfigure.http.JacksonHttpMessageConvertersConfiguration$MappingJackson2HttpMessageConverterConfiguration'
2024-12-20T07:09:34.625+07:00 DEBUG 16716 --- [NextGenTech] [           main] o.s.b.f.s.DefaultListableBeanFactory     : Creating shared instance of singleton bean 'jacksonObjectMapper'
2024-12-20T07:09:34.625+07:00 DEBUG 16716 --- [NextGenTech] [           main] o.s.b.f.s.DefaultListableBeanFactory     : Creating shared instance of singleton bean 'org.springframework.boot.autoconfigure.jackson.JacksonAutoConfiguration$JacksonObjectMapperConfiguration'
2024-12-20T07:09:34.626+07:00 DEBUG 16716 --- [NextGenTech] [           main] o.s.b.f.s.DefaultListableBeanFactory     : Creating shared instance of singleton bean 'org.springframework.boot.autoconfigure.jackson.JacksonAutoConfiguration$JacksonObjectMapperBuilderConfiguration'
2024-12-20T07:09:34.626+07:00 DEBUG 16716 --- [NextGenTech] [           main] o.s.b.f.s.DefaultListableBeanFactory     : Creating shared instance of singleton bean 'standardJacksonObjectMapperBuilderCustomizer'
2024-12-20T07:09:34.626+07:00 DEBUG 16716 --- [NextGenTech] [           main] o.s.b.f.s.DefaultListableBeanFactory     : Creating shared instance of singleton bean 'org.springframework.boot.autoconfigure.jackson.JacksonAutoConfiguration$Jackson2ObjectMapperBuilderCustomizerConfiguration'
2024-12-20T07:09:34.627+07:00 DEBUG 16716 --- [NextGenTech] [           main] o.s.b.f.s.DefaultListableBeanFactory     : Creating shared instance of singleton bean 'spring.jackson-org.springframework.boot.autoconfigure.jackson.JacksonProperties'
[...]
      Matched:
         - @ConditionalOnClass found required class 'org.springframework.security.authentication.ReactiveAuthenticationManager' (OnClassCondition)

   ReactiveWebServerFactoryAutoConfiguration:
      Did not match:
         - @ConditionalOnWebApplication did not find reactive web application classes (OnWebApplicationCondition)

   ReactorAutoConfiguration:
      Did not match:
         - @ConditionalOnClass did not find required class 'reactor.core.publisher.Hooks' (OnClassCondition)

   RedisAutoConfiguration:
      Did not match:
         - @ConditionalOnClass did not find required class 'org.springframework.data.redis.core.RedisOperations' (OnClassCondition)

   RedisCacheConfiguration:
      Did not match:
         - @ConditionalOnClass did not find required class 'org.springframework.data.redis.connection.RedisConnectionFactory' (OnClassCondition)

   RedisReactiveAutoConfiguration:
      Did not match:
         - @ConditionalOnClass did not find required class 'reactor.core.publisher.Flux' (OnClassCondition)

   RedisRepositoriesAutoConfiguration:
      Did not match:
         - @ConditionalOnClass did not find required class 'org.springframework.data.redis.repository.configuration.EnableRedisRepositories' (OnClassCondition)

   RemoteDevToolsAutoConfiguration:
      Did not match:
         - @ConditionalOnProperty (spring.devtools.remote.secret) did not find property 'secret' (OnPropertyCondition)
      Matched:
         - @ConditionalOnClass found required classes 'jakarta.servlet.Filter', 'org.springframework.http.server.ServerHttpRequest' (OnClassCondition)

   RepositoryRestMvcAutoConfiguration:
      Did not match:
         - @ConditionalOnClass did not find required class 'org.springframework.data.rest.webmvc.config.RepositoryRestMvcConfiguration' (OnClassCondition)

   Saml2RelyingPartyAutoConfiguration:
      Did not match:
         - @ConditionalOnClass did not find required class 'org.springframework.security.saml2.provider.service.registration.RelyingPartyRegistrationRepository' (OnClassCondition)

   SecurityDataConfiguration:
      Did not match:
         - @ConditionalOnClass did not find required class 'org.springframework.security.data.repository.query.SecurityEvaluationContextExtension' (OnClassCondition)

   SendGridAutoConfiguration:
      Did not match:
         - @ConditionalOnClass did not find required class 'com.sendgrid.SendGrid' (OnClassCondition)

   ServletWebServerFactoryAutoConfiguration.ForwardedHeaderFilterConfiguration:
      Did not match:
         - @ConditionalOnProperty (server.forward-headers-strategy=framework) did not find property 'server.forward-headers-strategy' (OnPropertyCondition)

   ServletWebServerFactoryConfiguration.EmbeddedJetty:
      Did not match:
         - @ConditionalOnClass did not find required classes 'org.eclipse.jetty.server.Server', 'org.eclipse.jetty.util.Loader', 'org.eclipse.jetty.ee10.webapp.WebAppContext' (OnClassCondition)

   ServletWebServerFactoryConfiguration.EmbeddedUndertow:
      Did not match:
         - @ConditionalOnClass did not find required classes 'io.undertow.Undertow', 'org.xnio.SslClientAuthMode' (OnClassCondition)

   SessionAutoConfiguration:
      Did not match:
         - @ConditionalOnClass did not find required class 'org.springframework.session.Session' (OnClassCondition)

   SpringApplicationAdminJmxAutoConfiguration:
      Did not match:
         - @ConditionalOnProperty (spring.application.admin.enabled=true) did not find property 'enabled' (OnPropertyCondition)

   SpringBootWebSecurityConfiguration.SecurityFilterChainConfiguration:
      Did not match:
         - AllNestedConditions 1 matched 1 did not; NestedCondition on DefaultWebSecurityCondition.Beans @ConditionalOnMissingBean (types: org.springframework.security.web.SecurityFilterChain; SearchStrategy: all) found beans of type 'org.springframework.security.web.SecurityFilterChain' securityFilterChain; NestedCondition on DefaultWebSecurityCondition.Classes @ConditionalOnClass found required classes 'org.springframework.security.web.SecurityFilterChain', 'org.springframework.security.config.annotation.web.builders.HttpSecurity' (DefaultWebSecurityCondition)

   TaskExecutorConfigurations.SimpleAsyncTaskExecutorBuilderConfiguration#simpleAsyncTaskExecutorBuilderVirtualThreads:
      Did not match:
         - @ConditionalOnMissingBean (types: org.springframework.boot.task.SimpleAsyncTaskExecutorBuilder; SearchStrategy: all) found beans of type 'org.springframework.boot.task.SimpleAsyncTaskExecutorBuilder' simpleAsyncTaskExecutorBuilder (OnBeanCondition)

   TaskExecutorConfigurations.TaskExecutorConfiguration#applicationTaskExecutorVirtualThreads:
      Did not match:
         - @ConditionalOnThreading did not find VIRTUAL (OnThreadingCondition)

   TaskSchedulingAutoConfiguration#scheduledBeanLazyInitializationExcludeFilter:
      Did not match:
         - @ConditionalOnBean (names: org.springframework.context.annotation.internalScheduledAnnotationProcessor; SearchStrategy: all) did not find any beans named org.springframework.context.annotation.internalScheduledAnnotationProcessor (OnBeanCondition)

   TaskSchedulingConfigurations.SimpleAsyncTaskSchedulerBuilderConfiguration#simpleAsyncTaskSchedulerBuilderVirtualThreads:
      Did not match:
         - @ConditionalOnMissingBean (types: org.springframework.boot.task.SimpleAsyncTaskSchedulerBuilder; SearchStrategy: all) found beans of type 'org.springframework.boot.task.SimpleAsyncTaskSchedulerBuilder' simpleAsyncTaskSchedulerBuilder (OnBeanCondition)

   TaskSchedulingConfigurations.TaskSchedulerConfiguration:
      Did not match:
         - @ConditionalOnBean (names: org.springframework.context.annotation.internalScheduledAnnotationProcessor; SearchStrategy: all) did not find any beans named org.springframework.context.annotation.internalScheduledAnnotationProcessor (OnBeanCondition)

   TemplateEngineConfigurations.ReactiveTemplateEngineConfiguration:
      Did not match:
         - did not find reactive web application classes (OnWebApplicationCondition)

   ThymeleafAutoConfiguration.DataAttributeDialectConfiguration:
      Did not match:
         - @ConditionalOnClass did not find required class 'com.github.mxab.thymeleaf.extras.dataattribute.dialect.DataAttributeDialect' (OnClassCondition)

   ThymeleafAutoConfiguration.ThymeleafWebFluxConfiguration:
      Did not match:
         - did not find reactive web application classes (OnWebApplicationCondition)

   ThymeleafAutoConfiguration.ThymeleafWebLayoutConfiguration:
      Did not match:
         - @ConditionalOnClass did not find required class 'nz.net.ultraq.thymeleaf.layoutdialect.LayoutDialect' (OnClassCondition)

   ThymeleafAutoConfiguration.ThymeleafWebMvcConfiguration#resourceUrlEncodingFilter:
      Did not match:
         - @ConditionalOnEnabledResourceChain did not find class org.webjars.WebJarVersionLocator (OnEnabledResourceChainCondition)

   TransactionAutoConfiguration#transactionalOperator:
      Did not match:
         - @ConditionalOnSingleCandidate (types: org.springframework.transaction.ReactiveTransactionManager; SearchStrategy: all) did not find any beans (OnBeanCondition)

   TransactionAutoConfiguration.AspectJTransactionManagementConfiguration:
      Did not match:
         - @ConditionalOnBean (types: org.springframework.transaction.aspectj.AbstractTransactionAspect; SearchStrategy: all) did not find any beans of type org.springframework.transaction.aspectj.AbstractTransactionAspect (OnBeanCondition)

   TransactionAutoConfiguration.EnableTransactionManagementConfiguration.JdkDynamicAutoProxyConfiguration:
      Did not match:
         - @ConditionalOnProperty (spring.aop.proxy-target-class=false) did not find property 'proxy-target-class' (OnPropertyCondition)

   UserDetailsServiceAutoConfiguration:
      Did not match:
         - AnyNestedCondition 0 matched 3 did not; NestedCondition on UserDetailsServiceAutoConfiguration.MissingAlternativeOrUserPropertiesConfigured.PasswordConfigured @ConditionalOnProperty (spring.security.user.password) did not find property 'password'; NestedCondition on UserDetailsServiceAutoConfiguration.MissingAlternativeOrUserPropertiesConfigured.NameConfigured @ConditionalOnProperty (spring.security.user.name) did not find property 'name'; NestedCondition on UserDetailsServiceAutoConfiguration.MissingAlternativeOrUserPropertiesConfigured.MissingAlternative @ConditionalOnMissingClass found unwanted class 'org.springframework.security.oauth2.client.registration.ClientRegistrationRepository' (UserDetailsServiceAutoConfiguration.MissingAlternativeOrUserPropertiesConfigured)
      Matched:
         - @ConditionalOnClass found required class 'org.springframework.security.authentication.AuthenticationManager' (OnClassCondition)

   WebClientAutoConfiguration:
      Did not match:
         - @ConditionalOnClass did not find required class 'org.springframework.web.reactive.function.client.WebClient' (OnClassCondition)

   WebFluxAutoConfiguration:
      Did not match:
         - @ConditionalOnClass did not find required class 'org.springframework.web.reactive.config.WebFluxConfigurer' (OnClassCondition)

   WebMvcAutoConfiguration#hiddenHttpMethodFilter:
      Did not match:
         - @ConditionalOnProperty (spring.mvc.hiddenmethod.filter.enabled) did not find property 'enabled' (OnPropertyCondition)

   WebMvcAutoConfiguration.ProblemDetailsErrorHandlingConfiguration:
      Did not match:
         - @ConditionalOnProperty (spring.mvc.problemdetails.enabled=true) did not find property 'enabled' (OnPropertyCondition)

   WebMvcAutoConfiguration.ResourceChainCustomizerConfiguration:
      Did not match:
         - @ConditionalOnEnabledResourceChain did not find class org.webjars.WebJarVersionLocator (OnEnabledResourceChainCondition)

   WebMvcAutoConfiguration.WebMvcAutoConfigurationAdapter#beanNameViewResolver:
      Did not match:
         - @ConditionalOnBean (types: org.springframework.web.servlet.View; SearchStrategy: all) did not find any beans of type org.springframework.web.servlet.View (OnBeanCondition)

   WebServiceTemplateAutoConfiguration:
      Did not match:
         - @ConditionalOnClass did not find required class 'org.springframework.oxm.Marshaller' (OnClassCondition)

   WebServicesAutoConfiguration:
      Did not match:
         - @ConditionalOnClass did not find required class 'org.springframework.ws.transport.http.MessageDispatcherServlet' (OnClassCondition)

   WebSessionIdResolverAutoConfiguration:
      Did not match:
         - @ConditionalOnClass did not find required class 'reactor.core.publisher.Mono' (OnClassCondition)

   WebSocketMessagingAutoConfiguration:
      Did not match:
         - @ConditionalOnClass did not find required class 'org.springframework.web.socket.config.annotation.WebSocketMessageBrokerConfigurer' (OnClassCondition)

   WebSocketReactiveAutoConfiguration:
      Did not match:
         - @ConditionalOnWebApplication did not find reactive web application classes (OnWebApplicationCondition)

   WebSocketServletAutoConfiguration.JettyWebSocketConfiguration:
      Did not match:
         - @ConditionalOnClass did not find required class 'org.eclipse.jetty.ee10.websocket.jakarta.server.config.JakartaWebSocketServletContainerInitializer' (OnClassCondition)

   WebSocketServletAutoConfiguration.UndertowWebSocketConfiguration:
      Did not match:
         - @ConditionalOnClass did not find required class 'io.undertow.websockets.jsr.Bootstrap' (OnClassCondition)

   XADataSourceAutoConfiguration:
      Did not match:
         - @ConditionalOnBean (types: org.springframework.boot.jdbc.XADataSourceWrapper; SearchStrategy: all) did not find any beans of type org.springframework.boot.jdbc.XADataSourceWrapper (OnBeanCondition)
      Matched:
         - @ConditionalOnClass found required classes 'javax.sql.DataSource', 'jakarta.transaction.TransactionManager', 'org.springframework.jdbc.datasource.embedded.EmbeddedDatabaseType' (OnClassCondition)


Exclusions:
-----------

    None


Unconditional classes:
----------------------

    org.springframework.boot.autoconfigure.context.ConfigurationPropertiesAutoConfiguration

    org.springframework.boot.autoconfigure.ssl.SslAutoConfiguration

    org.springframework.boot.autoconfigure.context.PropertyPlaceholderAutoConfiguration

    org.springframework.boot.autoconfigure.context.LifecycleAutoConfiguration

    org.springframework.boot.autoconfigure.availability.ApplicationAvailabilityAutoConfiguration

    org.springframework.boot.autoconfigure.info.ProjectInfoAutoConfiguration



2024-12-20T07:09:35.104+07:00  INFO 16716 --- [NextGenTech] [           main] c.e.n.NextGenTechApplicationTests        : Started NextGenTechApplicationTests in 8.203 seconds (process running for 8.941)
2024-12-20T07:09:35.106+07:00 DEBUG 16716 --- [NextGenTech] [           main] o.s.b.a.ApplicationAvailabilityBean      : Application availability state LivenessState changed to CORRECT
2024-12-20T07:09:35.108+07:00 DEBUG 16716 --- [NextGenTech] [           main] o.s.boot.devtools.restart.Restarter      : Creating new Restarter for thread Thread[main,5,main]
2024-12-20T07:09:35.108+07:00 DEBUG 16716 --- [NextGenTech] [           main] o.s.b.a.ApplicationAvailabilityBean      : Application availability state ReadinessState changed to ACCEPTING_TRAFFIC
2024-12-20T07:09:35.110+07:00 DEBUG 16716 --- [NextGenTech] [           main] org.springframework.test.context.cache   : Spring test ApplicationContext cache statistics: [DefaultContextCache@4d696bac size = 1, maxSize = 32, parentContextCount = 0, hitCount = 0, missCount = 1, failureCount = 0]
2024-12-20T07:09:35.110+07:00 DEBUG 16716 --- [NextGenTech] [           main] o.s.t.c.w.ServletTestExecutionListener   : Setting up MockHttpServletRequest, MockHttpServletResponse, ServletWebRequest, and RequestContextHolder for test class com.example.nextgentech.NextGenTechApplicationTests
2024-12-20T07:09:35.120+07:00 DEBUG 16716 --- [NextGenTech] [           main] DependencyInjectionTestExecutionListener : Performing dependency injection for test class com.example.nextgentech.NextGenTechApplicationTests
2024-12-20T07:09:35.120+07:00 DEBUG 16716 --- [NextGenTech] [           main] org.springframework.test.context.cache   : Spring test ApplicationContext cache statistics: [DefaultContextCache@4d696bac size = 1, maxSize = 32, parentContextCount = 0, hitCount = 1, missCount = 1, failureCount = 0]
2024-12-20T07:09:35.121+07:00 DEBUG 16716 --- [NextGenTech] [           main] org.springframework.test.context.cache   : Spring test ApplicationContext cache statistics: [DefaultContextCache@4d696bac size = 1, maxSize = 32, parentContextCount = 0, hitCount = 2, missCount = 1, failureCount = 0]
2024-12-20T07:09:35.124+07:00 DEBUG 16716 --- [NextGenTech] [           main] sContextBeforeModesTestExecutionListener : Before test method: class [NextGenTechApplicationTests], method [contextLoads], class annotated with @DirtiesContext [false] with mode [null], method annotated with @DirtiesContext [false] with mode [null]
2024-12-20T07:09:35.126+07:00 DEBUG 16716 --- [NextGenTech] [           main] org.springframework.test.context.cache   : Spring test ApplicationContext cache statistics: [DefaultContextCache@4d696bac size = 1, maxSize = 32, parentContextCount = 0, hitCount = 3, missCount = 1, failureCount = 0]
2024-12-20T07:09:35.126+07:00 DEBUG 16716 --- [NextGenTech] [           main] org.springframework.test.context.cache   : Spring test ApplicationContext cache statistics: [DefaultContextCache@4d696bac size = 1, maxSize = 32, parentContextCount = 0, hitCount = 4, missCount = 1, failureCount = 0]
2024-12-20T07:09:35.456+07:00 DEBUG 16716 --- [NextGenTech] [           main] org.springframework.test.context.cache   : Spring test ApplicationContext cache statistics: [DefaultContextCache@4d696bac size = 1, maxSize = 32, parentContextCount = 0, hitCount = 5, missCount = 1, failureCount = 0]
2024-12-20T07:09:35.460+07:00 DEBUG 16716 --- [NextGenTech] [           main] org.springframework.test.context.cache   : Spring test ApplicationContext cache statistics: [DefaultContextCache@4d696bac size = 1, maxSize = 32, parentContextCount = 0, hitCount = 6, missCount = 1, failureCount = 0]
2024-12-20T07:09:35.465+07:00 DEBUG 16716 --- [NextGenTech] [           main] org.springframework.test.context.cache   : Spring test ApplicationContext cache statistics: [DefaultContextCache@4d696bac size = 1, maxSize = 32, parentContextCount = 0, hitCount = 7, missCount = 1, failureCount = 0]
2024-12-20T07:09:35.466+07:00 DEBUG 16716 --- [NextGenTech] [           main] org.springframework.test.context.cache   : Spring test ApplicationContext cache statistics: [DefaultContextCache@4d696bac size = 1, maxSize = 32, parentContextCount = 0, hitCount = 8, missCount = 1, failureCount = 0]
2024-12-20T07:09:35.467+07:00 DEBUG 16716 --- [NextGenTech] [           main] org.springframework.test.context.cache   : Spring test ApplicationContext cache statistics: [DefaultContextCache@4d696bac size = 1, maxSize = 32, parentContextCount = 0, hitCount = 9, missCount = 1, failureCount = 0]
2024-12-20T07:09:35.467+07:00 DEBUG 16716 --- [NextGenTech] [           main] org.springframework.test.context.cache   : Spring test ApplicationContext cache statistics: [DefaultContextCache@4d696bac size = 1, maxSize = 32, parentContextCount = 0, hitCount = 10, missCount = 1, failureCount = 0]
2024-12-20T07:09:35.468+07:00 DEBUG 16716 --- [NextGenTech] [           main] org.springframework.test.context.cache   : Spring test ApplicationContext cache statistics: [DefaultContextCache@4d696bac size = 1, maxSize = 32, parentContextCount = 0, hitCount = 11, missCount = 1, failureCount = 0]
2024-12-20T07:09:35.469+07:00 DEBUG 16716 --- [NextGenTech] [           main] org.springframework.test.context.cache   : Spring test ApplicationContext cache statistics: [DefaultContextCache@4d696bac size = 1, maxSize = 32, parentContextCount = 0, hitCount = 12, missCount = 1, failureCount = 0]
2024-12-20T07:09:35.470+07:00 DEBUG 16716 --- [NextGenTech] [           main] org.springframework.test.context.cache   : Spring test ApplicationContext cache statistics: [DefaultContextCache@4d696bac size = 1, maxSize = 32, parentContextCount = 0, hitCount = 13, missCount = 1, failureCount = 0]
2024-12-20T07:09:35.471+07:00 DEBUG 16716 --- [NextGenTech] [           main] org.springframework.test.context.cache   : Spring test ApplicationContext cache statistics: [DefaultContextCache@4d696bac size = 1, maxSize = 32, parentContextCount = 0, hitCount = 14, missCount = 1, failureCount = 0]
2024-12-20T07:09:35.472+07:00 DEBUG 16716 --- [NextGenTech] [           main] .c.s.DirtiesContextTestExecutionListener : After test method: class [NextGenTechApplicationTests], method [contextLoads], class annotated with @DirtiesContext [false] with mode [null], method annotated with @DirtiesContext [false] with mode [null]
2024-12-20T07:09:35.472+07:00 DEBUG 16716 --- [NextGenTech] [           main] o.s.t.c.w.ServletTestExecutionListener   : Resetting RequestContextHolder for test class com.example.nextgentech.NextGenTechApplicationTests
]]></system-out>
  </testcase>
</testsuite>